#
# There is insufficient memory for the Java Runtime Environment to continue.
# Native memory allocation (malloc) failed to allocate 4092 bytes for AllocateHeap
# Possible reasons:
#   The system is out of physical RAM or swap space
#   In 32 bit mode, the process size limit was hit
# Possible solutions:
#   Reduce memory load on the system
#   Increase physical memory or swap space
#   Check if swap backing store is full
#   Use 64 bit Java on a 64 bit OS
#   Decrease Java heap size (-Xmx/-Xms)
#   Decrease number of Java threads
#   Decrease Java thread stack sizes (-Xss)
#   Set larger code cache with -XX:ReservedCodeCacheSize=
# This output file may be truncated or incomplete.
#
#  Out of Memory Error (memory/allocation.inline.hpp:62), pid=21368, tid=21568
#
# JRE version: Java(TM) SE Runtime Environment (8.0_05-b13) (build 1.8.0_05-b13)
# Java VM: Java HotSpot(TM) Client VM (25.5-b02 mixed mode windows-x86 )
# Failed to write core dump. Minidumps are not enabled by default on client versions of Windows
#

---------------  T H R E A D  ---------------

Current thread (0x0093a400):  VMThread [stack: 0x009e0000,0x00a30000] [id=21568]

Stack: [0x009e0000,0x00a30000],  sp=0x00a2eebc,  free space=315k
Native frames: (J=compiled Java code, j=interpreted, Vv=VM code, C=native code)
V  [jvm.dll+0x1921e8]
V  [jvm.dll+0x18b328]
V  [jvm.dll+0xbb62b]
V  [jvm.dll+0x887ef]
V  [jvm.dll+0xc527f]
V  [jvm.dll+0xc542d]
V  [jvm.dll+0x19d471]
V  [jvm.dll+0x19d620]
V  [jvm.dll+0x9a75b]
V  [jvm.dll+0x96f31]
V  [jvm.dll+0x8d100]
V  [jvm.dll+0x8ed63]
V  [jvm.dll+0x8f1af]
V  [jvm.dll+0x8e06f]
V  [jvm.dll+0x99282]
V  [jvm.dll+0x8cba3]
V  [jvm.dll+0x87373]
V  [jvm.dll+0x1a0596]
V  [jvm.dll+0x16a05b]
V  [jvm.dll+0x169421]
V  [jvm.dll+0x169837]
V  [jvm.dll+0x169a32]
V  [jvm.dll+0x1a9186]
C  [msvcr100.dll+0x5c556]
C  [msvcr100.dll+0x5c600]
C  [KERNEL32.DLL+0x195f4]
C  [ntdll.dll+0x2241a]
C  [ntdll.dll+0x223e9]

VM_Operation (0x007eeef0): GenCollectForAllocation, mode: safepoint, requested by thread 0x0187c400


---------------  P R O C E S S  ---------------

Java Threads: ( => current thread )
  0x44215800 JavaThread "pool-2-thread-4" [_thread_blocked, id=23860, stack(0x44400000,0x44450000)]
  0x44213000 JavaThread "pool-2-thread-3" [_thread_blocked, id=19644, stack(0x443b0000,0x44400000)]
  0x441e7400 JavaThread "pool-2-thread-2" [_thread_blocked, id=4720, stack(0x44360000,0x443b0000)]
  0x441e5c00 JavaThread "pool-3-thread-1" [_thread_blocked, id=16560, stack(0x44310000,0x44360000)]
  0x441e5400 JavaThread "pool-2-thread-1" [_thread_blocked, id=22556, stack(0x442c0000,0x44310000)]
  0x440c2400 JavaThread "Service Thread" daemon [_thread_blocked, id=20088, stack(0x03970000,0x039c0000)]
  0x4409e000 JavaThread "C1 CompilerThread0" daemon [_thread_blocked, id=16988, stack(0x03920000,0x03970000)]
  0x4409d000 JavaThread "Attach Listener" daemon [_thread_blocked, id=19736, stack(0x038d0000,0x03920000)]
  0x4409b000 JavaThread "Signal Dispatcher" daemon [_thread_blocked, id=24356, stack(0x03880000,0x038d0000)]
  0x44071800 JavaThread "Finalizer" daemon [_thread_blocked, id=21020, stack(0x01810000,0x01860000)]
  0x0093d400 JavaThread "Reference Handler" daemon [_thread_blocked, id=10916, stack(0x00a30000,0x00a80000)]
  0x0187c400 JavaThread "main" [_thread_blocked, id=22912, stack(0x007a0000,0x007f0000)]

Other Threads:
=>0x0093a400 VMThread [stack: 0x009e0000,0x00a30000] [id=21568]
  0x440c6800 WatcherThread [stack: 0x44270000,0x442c0000] [id=16028]

VM state:at safepoint (normal execution)

VM Mutex/Monitor currently owned by a thread:  ([mutex/lock_event])
[0x0187ad30] Threads_lock - owner thread: 0x0093a400
[0x0187bcf8] Heap_lock - owner thread: 0x0187c400

Heap:
 def new generation   total 14528K, used 14527K [0x03a00000, 0x049c0000, 0x18f50000)
  eden space 12928K, 100% used [0x03a00000, 0x046a0000, 0x046a0000)
  from space 1600K,  99% used [0x04830000, 0x049bfff8, 0x049c0000)
  to   space 1600K,   0% used [0x046a0000, 0x046a0000, 0x04830000)
 tenured generation   total 33284K, used 33235K [0x18f50000, 0x1afd1000, 0x43a00000)
   the space 33284K,  99% used [0x18f50000, 0x1afc4f80, 0x1afc5000, 0x1afd1000)
 Metaspace       used 3335K, capacity 3462K, committed 3520K, reserved 4480K

Card table byte_map: [0x43a00000,0x43c10000] byte_map_base: 0x439e3000

Polling page: 0x00570000

CodeCache: size=32768Kb used=2803Kb max_used=2803Kb free=29965Kb
 bounds [0x01880000, 0x01b40000, 0x03880000]
 total_blobs=1351 nmethods=1208 adapters=74
 compilation: enabled

Compilation events (10 events):
Event: 6.450 Thread 0x4409e000 1206             com.android.dx.cf.code.OneLocalsArray::set (10 bytes)
Event: 6.450 Thread 0x4409e000 nmethod 1206 0x01b3ba88 code [0x01b3bb90, 0x01b3bc2c]
Event: 6.450 Thread 0x4409e000 1207             com.android.dx.rop.code.RegisterSpec::getFrameType (10 bytes)
Event: 6.450 Thread 0x4409e000 nmethod 1207 0x01b3bcc8 code [0x01b3bdd0, 0x01b3be6c]
Event: 6.552 Thread 0x4409e000 1208             java.util.concurrent.locks.ReentrantLock$FairSync::tryAcquire (74 bytes)
Event: 6.553 Thread 0x4409e000 nmethod 1208 0x01b3bec8 code [0x01b3bfe0, 0x01b3c198]
Event: 6.555 Thread 0x4409e000 1209             java.util.concurrent.locks.AbstractQueuedSynchronizer::hasQueuedPredecessors (40 bytes)
Event: 6.555 Thread 0x4409e000 nmethod 1209 0x01b3c248 code [0x01b3c340, 0x01b3c420]
Event: 6.582 Thread 0x4409e000 1210             com.android.dx.rop.code.Rops::opPutField (97 bytes)
Event: 6.583 Thread 0x4409e000 nmethod 1210 0x01b3c4c8 code [0x01b3c640, 0x01b3c9b8]

GC Heap History (10 events):
Event: 5.989 GC heap after
Heap after GC invocations=26 (full 2):
 def new generation   total 13696K, used 1472K [0x03a00000, 0x048d0000, 0x18f50000)
  eden space 12224K,   0% used [0x03a00000, 0x03a00000, 0x045f0000)
  from space 1472K, 100% used [0x045f0000, 0x04760000, 0x04760000)
  to   space 1472K,   0% used [0x04760000, 0x04760000, 0x048d0000)
 tenured generation   total 30204K, used 24430K [0x18f50000, 0x1accf000, 0x43a00000)
   the space 30204K,  80% used [0x18f50000, 0x1a72b920, 0x1a72ba00, 0x1accf000)
 Metaspace       used 3331K, capacity 3462K, committed 3520K, reserved 4480K
}
Event: 6.192 GC heap before
{Heap before GC invocations=26 (full 2):
 def new generation   total 13696K, used 13696K [0x03a00000, 0x048d0000, 0x18f50000)
  eden space 12224K, 100% used [0x03a00000, 0x045f0000, 0x045f0000)
  from space 1472K, 100% used [0x045f0000, 0x04760000, 0x04760000)
  to   space 1472K,   0% used [0x04760000, 0x04760000, 0x048d0000)
 tenured generation   total 30204K, used 24430K [0x18f50000, 0x1accf000, 0x43a00000)
   the space 30204K,  80% used [0x18f50000, 0x1a72b920, 0x1a72ba00, 0x1accf000)
 Metaspace       used 3331K, capacity 3462K, committed 3520K, reserved 4480K
Event: 6.227 GC heap after
Heap after GC invocations=27 (full 2):
 def new generation   total 13696K, used 1472K [0x03a00000, 0x048d0000, 0x18f50000)
  eden space 12224K,   0% used [0x03a00000, 0x03a00000, 0x045f0000)
  from space 1472K, 100% used [0x04760000, 0x048d0000, 0x048d0000)
  to   space 1472K,   0% used [0x045f0000, 0x045f0000, 0x04760000)
 tenured generation   total 30204K, used 26306K [0x18f50000, 0x1accf000, 0x43a00000)
   the space 30204K,  87% used [0x18f50000, 0x1a900970, 0x1a900a00, 0x1accf000)
 Metaspace       used 3331K, capacity 3462K, committed 3520K, reserved 4480K
}
Event: 6.343 GC heap before
{Heap before GC invocations=27 (full 2):
 def new generation   total 13696K, used 13594K [0x03a00000, 0x048d0000, 0x18f50000)
  eden space 12224K,  99% used [0x03a00000, 0x045d6b60, 0x045f0000)
  from space 1472K, 100% used [0x04760000, 0x048d0000, 0x048d0000)
  to   space 1472K,   0% used [0x045f0000, 0x045f0000, 0x04760000)
 tenured generation   total 30204K, used 26306K [0x18f50000, 0x1accf000, 0x43a00000)
   the space 30204K,  87% used [0x18f50000, 0x1a900970, 0x1a900a00, 0x1accf000)
 Metaspace       used 3335K, capacity 3462K, committed 3520K, reserved 4480K
Event: 6.368 GC heap after
Heap after GC invocations=28 (full 2):
 def new generation   total 13696K, used 1471K [0x03a00000, 0x048d0000, 0x18f50000)
  eden space 12224K,   0% used [0x03a00000, 0x03a00000, 0x045f0000)
  from space 1472K,  99% used [0x045f0000, 0x0475fff8, 0x04760000)
  to   space 1472K,   0% used [0x04760000, 0x04760000, 0x048d0000)
 tenured generation   total 30204K, used 27848K [0x18f50000, 0x1accf000, 0x43a00000)
   the space 30204K,  92% used [0x18f50000, 0x1aa82220, 0x1aa82400, 0x1accf000)
 Metaspace       used 3335K, capacity 3462K, committed 3520K, reserved 4480K
}
Event: 6.492 GC heap before
{Heap before GC invocations=28 (full 2):
 def new generation   total 13696K, used 13695K [0x03a00000, 0x048d0000, 0x18f50000)
  eden space 12224K, 100% used [0x03a00000, 0x045f0000, 0x045f0000)
  from space 1472K,  99% used [0x045f0000, 0x0475fff8, 0x04760000)
  to   space 1472K,   0% used [0x04760000, 0x04760000, 0x048d0000)
 tenured generation   total 30204K, used 27848K [0x18f50000, 0x1accf000, 0x43a00000)
   the space 30204K,  92% used [0x18f50000, 0x1aa82220, 0x1aa82400, 0x1accf000)
 Metaspace       used 3335K, capacity 3462K, committed 3520K, reserved 4480K
Event: 6.520 GC heap after
Heap after GC invocations=29 (full 2):
 def new generation   total 13696K, used 1472K [0x03a00000, 0x048d0000, 0x18f50000)
  eden space 12224K,   0% used [0x03a00000, 0x03a00000, 0x045f0000)
  from space 1472K, 100% used [0x04760000, 0x048d0000, 0x048d0000)
  to   space 1472K,   0% used [0x045f0000, 0x045f0000, 0x04760000)
 tenured generation   total 30204K, used 29931K [0x18f50000, 0x1accf000, 0x43a00000)
   the space 30204K,  99% used [0x18f50000, 0x1ac8ad18, 0x1ac8ae00, 0x1accf000)
 Metaspace       used 3335K, capacity 3462K, committed 3520K, reserved 4480K
}
Event: 6.666 GC heap before
{Heap before GC invocations=29 (full 2):
 def new generation   total 13696K, used 13696K [0x03a00000, 0x048d0000, 0x18f50000)
  eden space 12224K, 100% used [0x03a00000, 0x045f0000, 0x045f0000)
  from space 1472K, 100% used [0x04760000, 0x048d0000, 0x048d0000)
  to   space 1472K,   0% used [0x045f0000, 0x045f0000, 0x04760000)
 tenured generation   total 30204K, used 29931K [0x18f50000, 0x1accf000, 0x43a00000)
   the space 30204K,  99% used [0x18f50000, 0x1ac8ad18, 0x1ac8ae00, 0x1accf000)
 Metaspace       used 3335K, capacity 3462K, committed 3520K, reserved 4480K
Event: 6.990 GC heap after
Heap after GC invocations=30 (full 3):
 def new generation   total 14528K, used 644K [0x03a00000, 0x049c0000, 0x18f50000)
  eden space 12928K,   4% used [0x03a00000, 0x03aa1158, 0x046a0000)
  from space 1600K,   0% used [0x046a0000, 0x046a0000, 0x04830000)
  to   space 1600K,   0% used [0x04830000, 0x04830000, 0x049c0000)
 tenured generation   total 32128K, used 32128K [0x18f50000, 0x1aeb0000, 0x43a00000)
   the space 32128K, 100% used [0x18f50000, 0x1aeb0000, 0x1aeb0000, 0x1aeb0000)
 Metaspace       used 3335K, capacity 3462K, committed 3520K, reserved 4480K
}
Event: 7.054 GC heap before
{Heap before GC invocations=30 (full 3):
 def new generation   total 14528K, used 12928K [0x03a00000, 0x049c0000, 0x18f50000)
  eden space 12928K, 100% used [0x03a00000, 0x046a0000, 0x046a0000)
  from space 1600K,   0% used [0x046a0000, 0x046a0000, 0x04830000)
  to   space 1600K,   0% used [0x04830000, 0x04830000, 0x049c0000)
 tenured generation   total 32128K, used 32128K [0x18f50000, 0x1aeb0000, 0x43a00000)
   the space 32128K, 100% used [0x18f50000, 0x1aeb0000, 0x1aeb0000, 0x1aeb0000)
 Metaspace       used 3335K, capacity 3462K, committed 3520K, reserved 4480K

Deoptimization events (0 events):
No events

Internal exceptions (10 events):
Event: 2.421 Thread 0x441e5400 Exception <a 'java/security/PrivilegedActionException'> (0x03a00ce0) thrown at [D:\re\workspace\8-2-build-windows-i586-cygwin\jdk8u5\2488\hotspot\src\share\vm\prims\jvm.cpp, line 1248]
Event: 2.465 Thread 0x44215800 Exception <a 'java/security/PrivilegedActionException'> (0x03a16240) thrown at [D:\re\workspace\8-2-build-windows-i586-cygwin\jdk8u5\2488\hotspot\src\share\vm\prims\jvm.cpp, line 1248]
Event: 2.480 Thread 0x44215800 Exception <a 'java/security/PrivilegedActionException'> (0x03a54a98) thrown at [D:\re\workspace\8-2-build-windows-i586-cygwin\jdk8u5\2488\hotspot\src\share\vm\prims\jvm.cpp, line 1248]
Event: 2.493 Thread 0x44215800 Exception <a 'java/security/PrivilegedActionException'> (0x03a92110) thrown at [D:\re\workspace\8-2-build-windows-i586-cygwin\jdk8u5\2488\hotspot\src\share\vm\prims\jvm.cpp, line 1248]
Event: 2.938 Thread 0x0187c400 Exception <a 'java/security/PrivilegedActionException'> (0x03db47f0) thrown at [D:\re\workspace\8-2-build-windows-i586-cygwin\jdk8u5\2488\hotspot\src\share\vm\prims\jvm.cpp, line 1248]
Event: 2.941 Thread 0x0187c400 Exception <a 'java/security/PrivilegedActionException'> (0x03de5148) thrown at [D:\re\workspace\8-2-build-windows-i586-cygwin\jdk8u5\2488\hotspot\src\share\vm\prims\jvm.cpp, line 1248]
Event: 3.377 Thread 0x0187c400 Exception <a 'java/security/PrivilegedActionException'> (0x03d666e0) thrown at [D:\re\workspace\8-2-build-windows-i586-cygwin\jdk8u5\2488\hotspot\src\share\vm\prims\jvm.cpp, line 1248]
Event: 4.465 Thread 0x44215800 Exception <a 'java/security/PrivilegedActionException'> (0x03b76a20) thrown at [D:\re\workspace\8-2-build-windows-i586-cygwin\jdk8u5\2488\hotspot\src\share\vm\prims\jvm.cpp, line 1248]
Event: 4.465 Thread 0x441e7400 Exception <a 'java/security/PrivilegedActionException'> (0x03b79ae0) thrown at [D:\re\workspace\8-2-build-windows-i586-cygwin\jdk8u5\2488\hotspot\src\share\vm\prims\jvm.cpp, line 1248]
Event: 6.262 Thread 0x0187c400 Exception <a 'java/security/PrivilegedActionException'> (0x040b0ea8) thrown at [D:\re\workspace\8-2-build-windows-i586-cygwin\jdk8u5\2488\hotspot\src\share\vm\prims\jvm.cpp, line 1248]

Events (10 events):
Event: 6.227 Executing VM operation: GenCollectForAllocation done
Event: 6.262 loading class com/android/dx/rop/code/RegOps
Event: 6.262 loading class com/android/dx/rop/code/RegOps done
Event: 6.343 Executing VM operation: GenCollectForAllocation
Event: 6.368 Executing VM operation: GenCollectForAllocation done
Event: 6.470 Executing VM operation: GenCollectForAllocation
Event: 6.521 Executing VM operation: GenCollectForAllocation done
Event: 6.645 Executing VM operation: GenCollectForAllocation
Event: 6.990 Executing VM operation: GenCollectForAllocation done
Event: 7.053 Executing VM operation: GenCollectForAllocation


Dynamic libraries:
0x00a80000 - 0x00ab0000 	C:\Program Files\Java\jdk1.8.0_05\bin\java.exe
0x77890000 - 0x77a0b000 	C:\WINDOWS\SYSTEM32\ntdll.dll
0x768b0000 - 0x76946000 	C:\WINDOWS\system32\KERNEL32.DLL
0x74950000 - 0x74acf000 	C:\WINDOWS\system32\KERNELBASE.dll
0x731d0000 - 0x73262000 	C:\WINDOWS\system32\apphelp.dll
0x75340000 - 0x753bb000 	C:\WINDOWS\system32\ADVAPI32.dll
0x76fb0000 - 0x7706e000 	C:\WINDOWS\system32\msvcrt.dll
0x76f10000 - 0x76f54000 	C:\WINDOWS\system32\sechost.dll
0x76c70000 - 0x76d32000 	C:\WINDOWS\system32\RPCRT4.dll
0x77680000 - 0x777b8000 	C:\WINDOWS\system32\USER32.dll
0x77110000 - 0x77265000 	C:\WINDOWS\system32\GDI32.dll
0x6bc40000 - 0x6be4f000 	C:\WINDOWS\WinSxS\x86_microsoft.windows.common-controls_6595b64144ccf1df_6.0.10586.0_none_d3c2e4e965da4528\COMCTL32.dll
0x76d40000 - 0x76efd000 	C:\WINDOWS\system32\combase.dll
0x748a0000 - 0x748f8000 	C:\WINDOWS\system32\bcryptPrimitives.dll
0x77860000 - 0x7788f000 	C:\WINDOWS\system32\IMM32.DLL
0x6cd10000 - 0x6cdcf000 	C:\Program Files\Java\jdk1.8.0_05\jre\bin\msvcr100.dll
0x55f80000 - 0x56316000 	C:\Program Files\Java\jdk1.8.0_05\jre\bin\client\jvm.dll
0x77100000 - 0x77106000 	C:\WINDOWS\system32\PSAPI.DLL
0x6ab60000 - 0x6ab68000 	C:\WINDOWS\SYSTEM32\WSOCK32.dll
0x76c10000 - 0x76c6f000 	C:\WINDOWS\system32\WS2_32.dll
0x72df0000 - 0x72e14000 	C:\WINDOWS\SYSTEM32\WINMM.dll
0x72cf0000 - 0x72d13000 	C:\WINDOWS\SYSTEM32\WINMMBASE.dll
0x74ad0000 - 0x74b07000 	C:\WINDOWS\system32\cfgmgr32.dll
0x6f2f0000 - 0x6f2fc000 	C:\Program Files\Java\jdk1.8.0_05\jre\bin\verify.dll
0x6ef50000 - 0x6ef71000 	C:\Program Files\Java\jdk1.8.0_05\jre\bin\java.dll
0x6f200000 - 0x6f213000 	C:\Program Files\Java\jdk1.8.0_05\jre\bin\zip.dll
0x753c0000 - 0x767be000 	C:\WINDOWS\system32\SHELL32.dll
0x74b90000 - 0x7508a000 	C:\WINDOWS\system32\windows.storage.dll
0x76f60000 - 0x76fa5000 	C:\WINDOWS\system32\shlwapi.dll
0x74600000 - 0x7460c000 	C:\WINDOWS\system32\kernel.appcore.dll
0x77070000 - 0x770fd000 	C:\WINDOWS\system32\shcore.dll
0x74610000 - 0x74654000 	C:\WINDOWS\system32\powrprof.dll
0x74660000 - 0x7466f000 	C:\WINDOWS\system32\profapi.dll

VM Arguments:
jvm_args: -Djava.awt.headless=true -Xmx1024M -Dfile.encoding=windows-1252 -Duser.country=US -Duser.language=en -Duser.variant 
java_command: com.android.dx.command.Main --dex --force-jumbo --num-threads=4 --multi-dex --output C:\Users\vercillius\Documents\Thesis\Git\Thesis\circuit-lens\CircuitLens-Android\app\build\intermediates\transforms\dex\debug\folders\1000\10\rxjava-1.0.8_ab36c2fb4f0861e02c2c4bbdf66f4b7d6ac2bad6 C:\Users\vercillius\.gradle\caches\modules-2\files-2.1\io.reactivex\rxjava\1.0.8\6a1474076b9a0fb580a9525400727617b5ada5cd\rxjava-1.0.8.jar
java_class_path (initial): C:\Android\sdk\build-tools\23.0.3\lib\dx.jar
Launcher Type: SUN_STANDARD

Environment Variables:
JAVA_HOME=C:\Program Files\Java\jdk1.8.0_05
PATH=C:\ProgramData\Oracle\Java\javapath;C:\Program Files\Broadcom\Broadcom 802.11 Network Adapter\Driver;C:\Windows\system32;C:\Windows;C:\Windows\System32\Wbem;C:\Windows\System32\WindowsPowerShell\v1.0\;C:\wamp\bin\php\php5.5.12;C:\Bitnami\wappstack-5.5.28-0\php;C:\emacs-24.3\bin;C:\Users\vercillius\AppData\Roaming\npm;C:\Program Files\Java\jdk1.8.0_05\bin;C:\apache-ant-1.9.4\bin;C:\Android\sdk\tools;C:\Android\sdk\platform-tools;C:\adb;C:\WINDOWS\system32;C:\WINDOWS;C:\WINDOWS\System32\Wbem;C:\WINDOWS\System32\WindowsPowerShell\v1.0\;C:\Program Files\nodejs\;C:\Bitnami\wappstack-5.5.28-0\postgresql\bin;C:\Program Files\Common Files\lenovo\easyplussdk\bin;C:\Bitnami\wappstack-5.5.28-0\php;C:\emacs-24.3\bin;C:\Users\vercillius\AppData\Local\Tesseract-OCR;C:\Program Files\Java\jdk1.8.0_05\bin;C:\apache-ant-1.9.4\bin;C:\Android\sdk\tools;C:\Android\sdk\platform-tools;C:\Users\vercillius\AppData\Roaming\npm;~/.composer/vendor/bin;C:\Python27;C:\OpenCV_3_1\opencv\build\x64\vc12\lib;C:\OpenCV_3_1\opencv\build\x64\vc12\bin;C:\Python27\Lib\site-packages\numpy\lib;C:\Program Files\Git\bin;C:\OpenCV_3_1\opencv\build\x64\vc14\bin;C:\OpenCV_3_1\opencv\build\x64\vc14\lib;C:\Python27\Scripts
USERNAME=vercillius
OS=Windows_NT
PROCESSOR_IDENTIFIER=x86 Family 6 Model 55 Stepping 3, GenuineIntel



---------------  S Y S T E M  ---------------

OS: Windows 8.1 Build 9600 

CPU:total 4 (4 cores per cpu, 1 threads per core) family 6 model 55 stepping 3, cmov, cx8, fxsr, mmx, sse, sse2, sse3, ssse3, sse4.1, sse4.2, popcnt, aes, clmul, erms, tsc, tscinvbit

Memory: 4k page, physical 1979556k(92908k free), swap 3208356k(20k free)

vm_info: Java HotSpot(TM) Client VM (25.5-b02) for windows-x86 JRE (1.8.0_05-b13), built on Mar 18 2014 01:14:47 by "java_re" with MS VC++ 10.0 (VS2010)

time: Mon Jun 06 20:16:20 2016
elapsed time: 7 seconds

