#
# There is insufficient memory for the Java Runtime Environment to continue.
# Native memory allocation (malloc) failed to allocate 4092 bytes for AllocateHeap
# Possible reasons:
#   The system is out of physical RAM or swap space
#   In 32 bit mode, the process size limit was hit
# Possible solutions:
#   Reduce memory load on the system
#   Increase physical memory or swap space
#   Check if swap backing store is full
#   Use 64 bit Java on a 64 bit OS
#   Decrease Java heap size (-Xmx/-Xms)
#   Decrease number of Java threads
#   Decrease Java thread stack sizes (-Xss)
#   Set larger code cache with -XX:ReservedCodeCacheSize=
# This output file may be truncated or incomplete.
#
#  Out of Memory Error (memory/allocation.inline.hpp:62), pid=7368, tid=5252
#
# JRE version: Java(TM) SE Runtime Environment (8.0_05-b13) (build 1.8.0_05-b13)
# Java VM: Java HotSpot(TM) Client VM (25.5-b02 mixed mode windows-x86 )
# Failed to write core dump. Minidumps are not enabled by default on client versions of Windows
#

---------------  T H R E A D  ---------------

Current thread (0x0155a400):  VMThread [stack: 0x43dd0000,0x43e20000] [id=5252]

Stack: [0x43dd0000,0x43e20000],  sp=0x43e1f15c,  free space=316k
Native frames: (J=compiled Java code, j=interpreted, Vv=VM code, C=native code)
V  [jvm.dll+0x1921e8]
V  [jvm.dll+0x18b328]
V  [jvm.dll+0xbb62b]
V  [jvm.dll+0x887ef]
V  [jvm.dll+0xc527f]
V  [jvm.dll+0xc542d]
V  [jvm.dll+0x19d471]
V  [jvm.dll+0x19d620]
V  [jvm.dll+0x9a75b]
V  [jvm.dll+0x96f31]
V  [jvm.dll+0x8d100]
V  [jvm.dll+0x8ed63]
V  [jvm.dll+0x8f1af]
V  [jvm.dll+0x8e06f]
V  [jvm.dll+0x99282]
V  [jvm.dll+0x8cba3]
V  [jvm.dll+0x87373]
V  [jvm.dll+0x1a0596]
V  [jvm.dll+0x16a05b]
V  [jvm.dll+0x169421]
V  [jvm.dll+0x169837]
V  [jvm.dll+0x169a32]
V  [jvm.dll+0x1a9186]
C  [msvcr100.dll+0x5c556]
C  [msvcr100.dll+0x5c600]
C  [KERNEL32.DLL+0x195f4]
C  [ntdll.dll+0x2241a]
C  [ntdll.dll+0x223e9]

VM_Operation (0x443dee54): GenCollectForAllocation, mode: safepoint, requested by thread 0x43f9a800


---------------  P R O C E S S  ---------------

Java Threads: ( => current thread )
  0x43f9a800 JavaThread "pool-2-thread-4" [_thread_blocked, id=8912, stack(0x44390000,0x443e0000)]
  0x43f97800 JavaThread "pool-2-thread-3" [_thread_blocked, id=9920, stack(0x44340000,0x44390000)]
  0x43f97000 JavaThread "pool-2-thread-2" [_thread_blocked, id=6072, stack(0x442f0000,0x44340000)]
  0x43f92800 JavaThread "pool-3-thread-1" [_thread_blocked, id=5116, stack(0x442a0000,0x442f0000)]
  0x43f90c00 JavaThread "pool-2-thread-1" [_thread_blocked, id=2328, stack(0x44250000,0x442a0000)]
  0x43e72400 JavaThread "Service Thread" daemon [_thread_blocked, id=5288, stack(0x441b0000,0x44200000)]
  0x43e4e000 JavaThread "C1 CompilerThread0" daemon [_thread_blocked, id=9384, stack(0x44160000,0x441b0000)]
  0x43e4d000 JavaThread "Attach Listener" daemon [_thread_blocked, id=8960, stack(0x44110000,0x44160000)]
  0x43e4b000 JavaThread "Signal Dispatcher" daemon [_thread_blocked, id=908, stack(0x440c0000,0x44110000)]
  0x43e21800 JavaThread "Finalizer" daemon [_thread_blocked, id=9352, stack(0x44070000,0x440c0000)]
  0x0155d400 JavaThread "Reference Handler" daemon [_thread_blocked, id=5776, stack(0x44020000,0x44070000)]
  0x0056c400 JavaThread "main" [_thread_blocked, id=8068, stack(0x013f0000,0x01440000)]

Other Threads:
=>0x0155a400 VMThread [stack: 0x43dd0000,0x43e20000] [id=5252]
  0x43e76800 WatcherThread [stack: 0x44200000,0x44250000] [id=4412]

VM state:at safepoint (normal execution)

VM Mutex/Monitor currently owned by a thread:  ([mutex/lock_event])
[0x0056ab60] Threads_lock - owner thread: 0x0155a400
[0x0056bb90] Heap_lock - owner thread: 0x43f9a800

Heap:
 def new generation   total 13120K, used 13120K [0x03600000, 0x04430000, 0x18b50000)
  eden space 11712K, 100% used [0x03600000, 0x04170000, 0x04170000)
  from space 1408K, 100% used [0x04170000, 0x042d0000, 0x042d0000)
  to   space 1408K,  99% used [0x042d0000, 0x0442fff8, 0x04430000)
 tenured generation   total 30492K, used 30491K [0x18b50000, 0x1a917000, 0x43600000)
   the space 30492K,  99% used [0x18b50000, 0x1a916fa8, 0x1a917000, 0x1a917000)
 Metaspace       used 3356K, capacity 3494K, committed 3520K, reserved 4480K

Card table byte_map: [0x43600000,0x43810000] byte_map_base: 0x435e5000

Polling page: 0x00550000

CodeCache: size=32768Kb used=2742Kb max_used=2742Kb free=30025Kb
 bounds [0x01560000, 0x01810000, 0x03560000]
 total_blobs=1298 nmethods=1156 adapters=74
 compilation: enabled

Compilation events (10 events):
Event: 7.234 Thread 0x43e4e000 1154             java.util.HashMap$EntryIterator::next (5 bytes)
Event: 7.234 Thread 0x43e4e000 nmethod 1154 0x0180d308 code [0x0180d400, 0x0180d48c]
Event: 7.234 Thread 0x43e4e000 1155             com.android.dx.rop.type.Type::isReference (15 bytes)
Event: 7.235 Thread 0x43e4e000 nmethod 1155 0x0180d508 code [0x0180d600, 0x0180d690]
Event: 7.243 Thread 0x43e4e000 1156             com.android.dx.dex.code.Dop::hasResult (5 bytes)
Event: 7.243 Thread 0x43e4e000 nmethod 1156 0x0180d6c8 code [0x0180d7c0, 0x0180d840]
Event: 7.243 Thread 0x43e4e000 1157             com.android.dx.dex.code.RopTranslator::access$600 (6 bytes)
Event: 7.244 Thread 0x43e4e000 nmethod 1157 0x0180d888 code [0x0180d980, 0x0180d9fc]
Event: 7.244 Thread 0x43e4e000 1158             com.android.dx.rop.code.CstInsn::contentEquals (31 bytes)
Event: 7.245 Thread 0x43e4e000 nmethod 1158 0x0180da88 code [0x0180dba0, 0x0180dcb8]

GC Heap History (10 events):
Event: 5.895 GC heap after
Heap after GC invocations=28 (full 2):
 def new generation   total 11904K, used 1280K [0x03600000, 0x042e0000, 0x18b50000)
  eden space 10624K,   0% used [0x03600000, 0x03600000, 0x04060000)
  from space 1280K, 100% used [0x04060000, 0x041a0000, 0x041a0000)
  to   space 1280K,   0% used [0x041a0000, 0x041a0000, 0x042e0000)
 tenured generation   total 26228K, used 24298K [0x18b50000, 0x1a4ed000, 0x43600000)
   the space 26228K,  92% used [0x18b50000, 0x1a30a8d8, 0x1a30aa00, 0x1a4ed000)
 Metaspace       used 3356K, capacity 3494K, committed 3520K, reserved 4480K
}
Event: 6.026 GC heap before
{Heap before GC invocations=28 (full 2):
 def new generation   total 11904K, used 11904K [0x03600000, 0x042e0000, 0x18b50000)
  eden space 10624K, 100% used [0x03600000, 0x04060000, 0x04060000)
  from space 1280K, 100% used [0x04060000, 0x041a0000, 0x041a0000)
  to   space 1280K,   0% used [0x041a0000, 0x041a0000, 0x042e0000)
 tenured generation   total 26228K, used 24298K [0x18b50000, 0x1a4ed000, 0x43600000)
   the space 26228K,  92% used [0x18b50000, 0x1a30a8d8, 0x1a30aa00, 0x1a4ed000)
 Metaspace       used 3356K, capacity 3494K, committed 3520K, reserved 4480K
Event: 6.049 GC heap after
Heap after GC invocations=29 (full 2):
 def new generation   total 11904K, used 1279K [0x03600000, 0x042e0000, 0x18b50000)
  eden space 10624K,   0% used [0x03600000, 0x03600000, 0x04060000)
  from space 1280K,  99% used [0x041a0000, 0x042dfff8, 0x042e0000)
  to   space 1280K,   0% used [0x04060000, 0x04060000, 0x041a0000)
 tenured generation   total 26228K, used 25996K [0x18b50000, 0x1a4ed000, 0x43600000)
   the space 26228K,  99% used [0x18b50000, 0x1a4b3130, 0x1a4b3200, 0x1a4ed000)
 Metaspace       used 3356K, capacity 3494K, committed 3520K, reserved 4480K
}
Event: 6.278 GC heap before
{Heap before GC invocations=29 (full 2):
 def new generation   total 11904K, used 11903K [0x03600000, 0x042e0000, 0x18b50000)
  eden space 10624K, 100% used [0x03600000, 0x04060000, 0x04060000)
  from space 1280K,  99% used [0x041a0000, 0x042dfff8, 0x042e0000)
  to   space 1280K,   0% used [0x04060000, 0x04060000, 0x041a0000)
 tenured generation   total 26228K, used 25996K [0x18b50000, 0x1a4ed000, 0x43600000)
   the space 26228K,  99% used [0x18b50000, 0x1a4b3130, 0x1a4b3200, 0x1a4ed000)
 Metaspace       used 3356K, capacity 3494K, committed 3520K, reserved 4480K
Event: 6.525 GC heap after
Heap after GC invocations=30 (full 3):
 def new generation   total 12736K, used 431K [0x03600000, 0x043d0000, 0x18b50000)
  eden space 11328K,   3% used [0x03600000, 0x0366bfd0, 0x04110000)
  from space 1408K,   0% used [0x04110000, 0x04110000, 0x04270000)
  to   space 1408K,   0% used [0x04270000, 0x04270000, 0x043d0000)
 tenured generation   total 28148K, used 28147K [0x18b50000, 0x1a6cd000, 0x43600000)
   the space 28148K,  99% used [0x18b50000, 0x1a6ccff8, 0x1a6cd000, 0x1a6cd000)
 Metaspace       used 3356K, capacity 3494K, committed 3520K, reserved 4480K
}
Event: 6.618 GC heap before
{Heap before GC invocations=30 (full 3):
 def new generation   total 12736K, used 11328K [0x03600000, 0x043d0000, 0x18b50000)
  eden space 11328K, 100% used [0x03600000, 0x04110000, 0x04110000)
  from space 1408K,   0% used [0x04110000, 0x04110000, 0x04270000)
  to   space 1408K,   0% used [0x04270000, 0x04270000, 0x043d0000)
 tenured generation   total 28148K, used 28147K [0x18b50000, 0x1a6cd000, 0x43600000)
   the space 28148K,  99% used [0x18b50000, 0x1a6ccff8, 0x1a6cd000, 0x1a6cd000)
 Metaspace       used 3356K, capacity 3494K, committed 3520K, reserved 4480K
Event: 6.931 GC heap after
Heap after GC invocations=31 (full 4):
 def new generation   total 13120K, used 0K [0x03600000, 0x04430000, 0x18b50000)
  eden space 11712K,   0% used [0x03600000, 0x03600000, 0x04170000)
  from space 1408K,   0% used [0x04170000, 0x04170000, 0x042d0000)
  to   space 1408K,   0% used [0x042d0000, 0x042d0000, 0x04430000)
 tenured generation   total 28916K, used 28436K [0x18b50000, 0x1a78d000, 0x43600000)
   the space 28916K,  98% used [0x18b50000, 0x1a715200, 0x1a715200, 0x1a78d000)
 Metaspace       used 3356K, capacity 3494K, committed 3520K, reserved 4480K
}
Event: 7.068 GC heap before
{Heap before GC invocations=31 (full 4):
 def new generation   total 13120K, used 11712K [0x03600000, 0x04430000, 0x18b50000)
  eden space 11712K, 100% used [0x03600000, 0x04170000, 0x04170000)
  from space 1408K,   0% used [0x04170000, 0x04170000, 0x042d0000)
  to   space 1408K,   0% used [0x042d0000, 0x042d0000, 0x04430000)
 tenured generation   total 28916K, used 28436K [0x18b50000, 0x1a78d000, 0x43600000)
   the space 28916K,  98% used [0x18b50000, 0x1a715200, 0x1a715200, 0x1a78d000)
 Metaspace       used 3356K, capacity 3494K, committed 3520K, reserved 4480K
Event: 7.081 GC heap after
Heap after GC invocations=32 (full 4):
 def new generation   total 13120K, used 1407K [0x03600000, 0x04430000, 0x18b50000)
  eden space 11712K,   0% used [0x03600000, 0x03600000, 0x04170000)
  from space 1408K,  99% used [0x042d0000, 0x0442fff8, 0x04430000)
  to   space 1408K,   0% used [0x04170000, 0x04170000, 0x042d0000)
 tenured generation   total 28916K, used 28770K [0x18b50000, 0x1a78d000, 0x43600000)
   the space 28916K,  99% used [0x18b50000, 0x1a768a68, 0x1a768c00, 0x1a78d000)
 Metaspace       used 3356K, capacity 3494K, committed 3520K, reserved 4480K
}
Event: 7.247 GC heap before
{Heap before GC invocations=32 (full 4):
 def new generation   total 13120K, used 13119K [0x03600000, 0x04430000, 0x18b50000)
  eden space 11712K, 100% used [0x03600000, 0x04170000, 0x04170000)
  from space 1408K,  99% used [0x042d0000, 0x0442fff8, 0x04430000)
  to   space 1408K,   0% used [0x04170000, 0x04170000, 0x042d0000)
 tenured generation   total 28916K, used 28770K [0x18b50000, 0x1a78d000, 0x43600000)
   the space 28916K,  99% used [0x18b50000, 0x1a768a68, 0x1a768c00, 0x1a78d000)
 Metaspace       used 3356K, capacity 3494K, committed 3520K, reserved 4480K

Deoptimization events (0 events):
No events

Internal exceptions (10 events):
Event: 2.530 Thread 0x43f9a800 Exception <a 'java/security/PrivilegedActionException'> (0x039f9108) thrown at [D:\re\workspace\8-2-build-windows-i586-cygwin\jdk8u5\2488\hotspot\src\share\vm\prims\jvm.cpp, line 1248]
Event: 2.531 Thread 0x43f9a800 Exception <a 'java/security/PrivilegedActionException'> (0x03a46620) thrown at [D:\re\workspace\8-2-build-windows-i586-cygwin\jdk8u5\2488\hotspot\src\share\vm\prims\jvm.cpp, line 1248]
Event: 2.558 Thread 0x0056c400 Exception <a 'java/security/PrivilegedActionException'> (0x0364d6e0) thrown at [D:\re\workspace\8-2-build-windows-i586-cygwin\jdk8u5\2488\hotspot\src\share\vm\prims\jvm.cpp, line 1248]
Event: 2.559 Thread 0x0056c400 Exception <a 'java/security/PrivilegedActionException'> (0x0364f9e0) thrown at [D:\re\workspace\8-2-build-windows-i586-cygwin\jdk8u5\2488\hotspot\src\share\vm\prims\jvm.cpp, line 1248]
Event: 2.559 Thread 0x43f90c00 Exception <a 'java/security/PrivilegedActionException'> (0x0365ae60) thrown at [D:\re\workspace\8-2-build-windows-i586-cygwin\jdk8u5\2488\hotspot\src\share\vm\prims\jvm.cpp, line 1248]
Event: 2.761 Thread 0x43f97000 Exception <a 'java/security/PrivilegedActionException'> (0x0389ac80) thrown at [D:\re\workspace\8-2-build-windows-i586-cygwin\jdk8u5\2488\hotspot\src\share\vm\prims\jvm.cpp, line 1248]
Event: 2.957 Thread 0x43f97800 Exception <a 'java/security/PrivilegedActionException'> (0x036d5858) thrown at [D:\re\workspace\8-2-build-windows-i586-cygwin\jdk8u5\2488\hotspot\src\share\vm\prims\jvm.cpp, line 1248]
Event: 3.364 Thread 0x43f9a800 Exception <a 'java/security/PrivilegedActionException'> (0x037d10e0) thrown at [D:\re\workspace\8-2-build-windows-i586-cygwin\jdk8u5\2488\hotspot\src\share\vm\prims\jvm.cpp, line 1248]
Event: 4.000 Thread 0x0056c400 Exception <a 'java/security/PrivilegedActionException'> (0x03a0b5d8) thrown at [D:\re\workspace\8-2-build-windows-i586-cygwin\jdk8u5\2488\hotspot\src\share\vm\prims\jvm.cpp, line 1248]
Event: 4.408 Thread 0x43f9a800 Exception <a 'java/security/PrivilegedActionException'> (0x03a989a0) thrown at [D:\re\workspace\8-2-build-windows-i586-cygwin\jdk8u5\2488\hotspot\src\share\vm\prims\jvm.cpp, line 1248]

Events (10 events):
Event: 5.895 Executing VM operation: GenCollectForAllocation done
Event: 6.025 Executing VM operation: GenCollectForAllocation
Event: 6.049 Executing VM operation: GenCollectForAllocation done
Event: 6.277 Executing VM operation: GenCollectForAllocation
Event: 6.525 Executing VM operation: GenCollectForAllocation done
Event: 6.613 Executing VM operation: GenCollectForAllocation
Event: 6.931 Executing VM operation: GenCollectForAllocation done
Event: 7.067 Executing VM operation: GenCollectForAllocation
Event: 7.082 Executing VM operation: GenCollectForAllocation done
Event: 7.247 Executing VM operation: GenCollectForAllocation


Dynamic libraries:
0x00010000 - 0x00040000 	C:\Program Files\Java\jdk1.8.0_05\bin\java.exe
0x77650000 - 0x777cb000 	C:\WINDOWS\SYSTEM32\ntdll.dll
0x775a0000 - 0x77636000 	C:\WINDOWS\system32\KERNEL32.DLL
0x74a20000 - 0x74b9f000 	C:\WINDOWS\system32\KERNELBASE.dll
0x72f90000 - 0x73022000 	C:\WINDOWS\system32\apphelp.dll
0x75080000 - 0x750fb000 	C:\WINDOWS\system32\ADVAPI32.dll
0x74e50000 - 0x74f0e000 	C:\WINDOWS\system32\msvcrt.dll
0x75030000 - 0x75074000 	C:\WINDOWS\system32\sechost.dll
0x77330000 - 0x773f2000 	C:\WINDOWS\system32\RPCRT4.dll
0x77460000 - 0x77598000 	C:\WINDOWS\system32\USER32.dll
0x75370000 - 0x754c5000 	C:\WINDOWS\system32\GDI32.dll
0x6bed0000 - 0x6c0df000 	C:\WINDOWS\WinSxS\x86_microsoft.windows.common-controls_6595b64144ccf1df_6.0.10586.0_none_d3c2e4e965da4528\COMCTL32.dll
0x77000000 - 0x771bd000 	C:\WINDOWS\system32\combase.dll
0x74440000 - 0x74498000 	C:\WINDOWS\system32\bcryptPrimitives.dll
0x75200000 - 0x7522f000 	C:\WINDOWS\system32\IMM32.DLL
0x685b0000 - 0x6866f000 	C:\Program Files\Java\jdk1.8.0_05\jre\bin\msvcr100.dll
0x66070000 - 0x66406000 	C:\Program Files\Java\jdk1.8.0_05\jre\bin\client\jvm.dll
0x76ff0000 - 0x76ff6000 	C:\WINDOWS\system32\PSAPI.DLL
0x6c5f0000 - 0x6c5f8000 	C:\WINDOWS\SYSTEM32\WSOCK32.dll
0x75710000 - 0x7576f000 	C:\WINDOWS\system32\WS2_32.dll
0x72b20000 - 0x72b44000 	C:\WINDOWS\SYSTEM32\WINMM.dll
0x72ab0000 - 0x72ad3000 	C:\WINDOWS\SYSTEM32\WINMMBASE.dll
0x74ba0000 - 0x74bd7000 	C:\WINDOWS\system32\cfgmgr32.dll
0x72aa0000 - 0x72aac000 	C:\Program Files\Java\jdk1.8.0_05\jre\bin\verify.dll
0x6cc80000 - 0x6cca1000 	C:\Program Files\Java\jdk1.8.0_05\jre\bin\java.dll
0x6cc10000 - 0x6cc23000 	C:\Program Files\Java\jdk1.8.0_05\jre\bin\zip.dll
0x757e0000 - 0x76bde000 	C:\WINDOWS\system32\SHELL32.dll
0x74500000 - 0x749fa000 	C:\WINDOWS\system32\windows.storage.dll
0x752c0000 - 0x75305000 	C:\WINDOWS\system32\shlwapi.dll
0x74430000 - 0x7443c000 	C:\WINDOWS\system32\kernel.appcore.dll
0x75680000 - 0x7570d000 	C:\WINDOWS\system32\shcore.dll
0x743e0000 - 0x74424000 	C:\WINDOWS\system32\powrprof.dll
0x743d0000 - 0x743df000 	C:\WINDOWS\system32\profapi.dll
0x58f40000 - 0x5907f000 	C:\WINDOWS\SYSTEM32\dbghelp.dll

VM Arguments:
jvm_args: -Djava.awt.headless=true -Xmx1024M -Dfile.encoding=windows-1252 -Duser.country=US -Duser.language=en -Duser.variant 
java_command: com.android.dx.command.Main --dex --force-jumbo --num-threads=4 --multi-dex --output C:\Users\vercillius\Documents\Thesis\Git\Thesis\circuit-lens\CircuitLens-Android\app\build\intermediates\transforms\dex\debug\folders\1000\10\com.android.support-support-v4-23.3.0_5c38c5df5e53c3c5381d87c2d5b730c32f96e682 C:\Users\vercillius\Documents\Thesis\Git\Thesis\circuit-lens\CircuitLens-Android\app\build\intermediates\exploded-aar\com.android.support\support-v4\23.3.0\jars\classes.jar
java_class_path (initial): C:\Android\sdk\build-tools\23.0.3\lib\dx.jar
Launcher Type: SUN_STANDARD

Environment Variables:
JAVA_HOME=C:\Program Files\Java\jdk1.8.0_05
PATH=C:\ProgramData\Oracle\Java\javapath;C:\Program Files\Broadcom\Broadcom 802.11 Network Adapter\Driver;C:\Windows\system32;C:\Windows;C:\Windows\System32\Wbem;C:\Windows\System32\WindowsPowerShell\v1.0\;C:\wamp\bin\php\php5.5.12;C:\Bitnami\wappstack-5.5.28-0\php;C:\emacs-24.3\bin;C:\Users\vercillius\AppData\Roaming\npm;C:\Program Files\Java\jdk1.8.0_05\bin;C:\apache-ant-1.9.4\bin;C:\Android\sdk\tools;C:\Android\sdk\platform-tools;C:\adb;C:\WINDOWS\system32;C:\WINDOWS;C:\WINDOWS\System32\Wbem;C:\WINDOWS\System32\WindowsPowerShell\v1.0\;C:\Program Files\nodejs\;C:\Bitnami\wappstack-5.5.28-0\postgresql\bin;C:\Program Files\Common Files\lenovo\easyplussdk\bin;C:\Bitnami\wappstack-5.5.28-0\php;C:\emacs-24.3\bin;C:\Users\vercillius\AppData\Local\Tesseract-OCR;C:\Program Files\Java\jdk1.8.0_05\bin;C:\apache-ant-1.9.4\bin;C:\Android\sdk\tools;C:\Android\sdk\platform-tools;C:\Users\vercillius\AppData\Roaming\npm;~/.composer/vendor/bin;C:\Python27;C:\OpenCV_3_1\opencv\build\x64\vc12\lib;C:\OpenCV_3_1\opencv\build\x64\vc12\bin;C:\Python27\Lib\site-packages\numpy\lib;C:\Program Files\Git\bin;C:\OpenCV_3_1\opencv\build\x64\vc14\bin;C:\OpenCV_3_1\opencv\build\x64\vc14\lib;C:\Python27\Scripts
USERNAME=vercillius
OS=Windows_NT
PROCESSOR_IDENTIFIER=x86 Family 6 Model 55 Stepping 3, GenuineIntel



---------------  S Y S T E M  ---------------

OS: Windows 8.1 Build 9600 

CPU:total 4 (4 cores per cpu, 1 threads per core) family 6 model 55 stepping 3, cmov, cx8, fxsr, mmx, sse, sse2, sse3, ssse3, sse4.1, sse4.2, popcnt, aes, clmul, erms, tsc, tscinvbit

Memory: 4k page, physical 1979556k(127612k free), swap 3208356k(55068k free)

vm_info: Java HotSpot(TM) Client VM (25.5-b02) for windows-x86 JRE (1.8.0_05-b13), built on Mar 18 2014 01:14:47 by "java_re" with MS VC++ 10.0 (VS2010)

time: Fri May 06 02:54:41 2016
elapsed time: 7 seconds

