#
# There is insufficient memory for the Java Runtime Environment to continue.
# Native memory allocation (malloc) failed to allocate 4092 bytes for AllocateHeap
# Possible reasons:
#   The system is out of physical RAM or swap space
#   In 32 bit mode, the process size limit was hit
# Possible solutions:
#   Reduce memory load on the system
#   Increase physical memory or swap space
#   Check if swap backing store is full
#   Use 64 bit Java on a 64 bit OS
#   Decrease Java heap size (-Xmx/-Xms)
#   Decrease number of Java threads
#   Decrease Java thread stack sizes (-Xss)
#   Set larger code cache with -XX:ReservedCodeCacheSize=
# This output file may be truncated or incomplete.
#
#  Out of Memory Error (memory/allocation.inline.hpp:62), pid=21980, tid=22128
#
# JRE version: Java(TM) SE Runtime Environment (8.0_05-b13) (build 1.8.0_05-b13)
# Java VM: Java HotSpot(TM) Client VM (25.5-b02 mixed mode windows-x86 )
# Failed to write core dump. Minidumps are not enabled by default on client versions of Windows
#

---------------  T H R E A D  ---------------

Current thread (0x0099a400):  VMThread [stack: 0x43e70000,0x43ec0000] [id=22128]

Stack: [0x43e70000,0x43ec0000],  sp=0x43ebeec8,  free space=315k
Native frames: (J=compiled Java code, j=interpreted, Vv=VM code, C=native code)
V  [jvm.dll+0x1921e8]
V  [jvm.dll+0x18b328]
V  [jvm.dll+0xbb62b]
V  [jvm.dll+0x887ef]
V  [jvm.dll+0xb1fd3]
V  [jvm.dll+0x19d471]
V  [jvm.dll+0x19d620]
V  [jvm.dll+0x9a75b]
V  [jvm.dll+0x96f31]
V  [jvm.dll+0x8d100]
V  [jvm.dll+0x8ed63]
V  [jvm.dll+0x8f1af]
V  [jvm.dll+0x8e06f]
V  [jvm.dll+0x99282]
V  [jvm.dll+0x8cba3]
V  [jvm.dll+0x87373]
V  [jvm.dll+0x1a0596]
V  [jvm.dll+0x16a05b]
V  [jvm.dll+0x169421]
V  [jvm.dll+0x169837]
V  [jvm.dll+0x169a32]
V  [jvm.dll+0x1a9186]
C  [msvcr100.dll+0x5c556]
C  [msvcr100.dll+0x5c600]
C  [KERNEL32.DLL+0x195f4]
C  [ntdll.dll+0x2241a]
C  [ntdll.dll+0x223e9]

VM_Operation (0x0089efe4): GenCollectForAllocation, mode: safepoint, requested by thread 0x007dc400


---------------  P R O C E S S  ---------------

Java Threads: ( => current thread )
  0x44039000 JavaThread "pool-2-thread-4" [_thread_blocked, id=18260, stack(0x44430000,0x44480000)]
  0x44033800 JavaThread "pool-2-thread-3" [_thread_blocked, id=23548, stack(0x443e0000,0x44430000)]
  0x44032800 JavaThread "pool-2-thread-2" [_thread_blocked, id=21592, stack(0x44390000,0x443e0000)]
  0x44032000 JavaThread "pool-3-thread-1" [_thread_blocked, id=18916, stack(0x44340000,0x44390000)]
  0x4402f400 JavaThread "pool-2-thread-1" [_thread_blocked, id=17048, stack(0x442f0000,0x44340000)]
  0x43ef0400 JavaThread "Service Thread" daemon [_thread_blocked, id=23008, stack(0x44250000,0x442a0000)]
  0x43efa800 JavaThread "C1 CompilerThread0" daemon [_thread_blocked, id=10880, stack(0x44200000,0x44250000)]
  0x43ef9400 JavaThread "Attach Listener" daemon [_thread_blocked, id=18228, stack(0x441b0000,0x44200000)]
  0x43ef7400 JavaThread "Signal Dispatcher" daemon [_thread_blocked, id=21856, stack(0x44160000,0x441b0000)]
  0x43ec5400 JavaThread "Finalizer" daemon [_thread_blocked, id=23144, stack(0x44110000,0x44160000)]
  0x0099d400 JavaThread "Reference Handler" daemon [_thread_blocked, id=23776, stack(0x440c0000,0x44110000)]
  0x007dc400 JavaThread "main" [_thread_blocked, id=24076, stack(0x00850000,0x008a0000)]

Other Threads:
=>0x0099a400 VMThread [stack: 0x43e70000,0x43ec0000] [id=22128]
  0x43ef4800 WatcherThread [stack: 0x442a0000,0x442f0000] [id=19084]

VM state:at safepoint (normal execution)

VM Mutex/Monitor currently owned by a thread:  ([mutex/lock_event])
[0x007dac88] Threads_lock - owner thread: 0x0099a400
[0x007dbf28] Heap_lock - owner thread: 0x007dc400

Heap:
 def new generation   total 6144K, used 6144K [0x03800000, 0x03ea0000, 0x18d50000)
  eden space 5504K, 100% used [0x03800000, 0x03d60000, 0x03d60000)
  from space 640K, 100% used [0x03e00000, 0x03ea0000, 0x03ea0000)
  to   space 640K,   0% used [0x03d60000, 0x03d60000, 0x03e00000)
 tenured generation   total 14176K, used 14135K [0x18d50000, 0x19b28000, 0x43800000)
   the space 14176K,  99% used [0x18d50000, 0x19b1df78, 0x19b1e000, 0x19b28000)
 Metaspace       used 3326K, capacity 3462K, committed 3520K, reserved 4480K

Card table byte_map: [0x43800000,0x43a10000] byte_map_base: 0x437e4000

Polling page: 0x00670000

CodeCache: size=32768Kb used=2438Kb max_used=2438Kb free=30329Kb
 bounds [0x01610000, 0x01878000, 0x03610000]
 total_blobs=1091 nmethods=947 adapters=74
 compilation: enabled

Compilation events (10 events):
Event: 5.107 Thread 0x43efa800  968             com.android.dx.cf.code.RopperMachine::updateReturnOp (115 bytes)
Event: 5.109 Thread 0x43efa800 nmethod 968 0x0186ea88 code [0x0186ec20, 0x0186f098]
Event: 5.117 Thread 0x43efa800  969             com.android.dx.cf.code.LocalVariableList::concat (97 bytes)
Event: 5.120 Thread 0x43efa800 nmethod 969 0x0186f508 code [0x0186f6f0, 0x0186fec4]
Event: 5.129 Thread 0x43efa800  970             com.android.dx.cf.code.ExecutionStack::clear (40 bytes)
Event: 5.130 Thread 0x43efa800 nmethod 970 0x01870d08 code [0x01870e20, 0x01870f9c]
Event: 5.133 Thread 0x43efa800  971             com.android.dx.rop.code.SourcePosition::equals (46 bytes)
Event: 5.133 Thread 0x43efa800 nmethod 971 0x01871108 code [0x01871210, 0x0187134c]
Event: 5.135 Thread 0x43efa800  972             com.android.dx.ssa.PhiInsn::updateSourcesToDefinitions (68 bytes)
Event: 5.137 Thread 0x43efa800 nmethod 972 0x01871408 code [0x01871550, 0x01871750]

GC Heap History (10 events):
Event: 4.414 GC heap after
Heap after GC invocations=18 (full 2):
 def new generation   total 5184K, used 393K [0x03800000, 0x03da0000, 0x18d50000)
  eden space 4608K,   8% used [0x03800000, 0x03862470, 0x03c80000)
  from space 576K,   0% used [0x03c80000, 0x03c80000, 0x03d10000)
  to   space 576K,   0% used [0x03d10000, 0x03d10000, 0x03da0000)
 tenured generation   total 11456K, used 11455K [0x18d50000, 0x19880000, 0x43800000)
   the space 11456K,  99% used [0x18d50000, 0x1987ffb0, 0x19880000, 0x19880000)
 Metaspace       used 3326K, capacity 3462K, committed 3520K, reserved 4480K
}
Event: 4.517 GC heap before
{Heap before GC invocations=18 (full 2):
 def new generation   total 5184K, used 4608K [0x03800000, 0x03da0000, 0x18d50000)
  eden space 4608K, 100% used [0x03800000, 0x03c80000, 0x03c80000)
  from space 576K,   0% used [0x03c80000, 0x03c80000, 0x03d10000)
  to   space 576K,   0% used [0x03d10000, 0x03d10000, 0x03da0000)
 tenured generation   total 11456K, used 11455K [0x18d50000, 0x19880000, 0x43800000)
   the space 11456K,  99% used [0x18d50000, 0x1987ffb0, 0x19880000, 0x19880000)
 Metaspace       used 3326K, capacity 3462K, committed 3520K, reserved 4480K
Event: 4.657 GC heap after
Heap after GC invocations=19 (full 3):
 def new generation   total 5504K, used 442K [0x03800000, 0x03df0000, 0x18d50000)
  eden space 4928K,   8% used [0x03800000, 0x0386ea50, 0x03cd0000)
  from space 576K,   0% used [0x03cd0000, 0x03cd0000, 0x03d60000)
  to   space 576K,   0% used [0x03d60000, 0x03d60000, 0x03df0000)
 tenured generation   total 12100K, used 12100K [0x18d50000, 0x19921000, 0x43800000)
   the space 12100K, 100% used [0x18d50000, 0x19921000, 0x19921000, 0x19921000)
 Metaspace       used 3326K, capacity 3462K, committed 3520K, reserved 4480K
}
Event: 4.696 GC heap before
{Heap before GC invocations=19 (full 3):
 def new generation   total 5504K, used 4928K [0x03800000, 0x03df0000, 0x18d50000)
  eden space 4928K, 100% used [0x03800000, 0x03cd0000, 0x03cd0000)
  from space 576K,   0% used [0x03cd0000, 0x03cd0000, 0x03d60000)
  to   space 576K,   0% used [0x03d60000, 0x03d60000, 0x03df0000)
 tenured generation   total 12100K, used 12100K [0x18d50000, 0x19921000, 0x43800000)
   the space 12100K, 100% used [0x18d50000, 0x19921000, 0x19921000, 0x19921000)
 Metaspace       used 3326K, capacity 3462K, committed 3520K, reserved 4480K
Event: 4.861 GC heap after
Heap after GC invocations=20 (full 4):
 def new generation   total 5824K, used 0K [0x03800000, 0x03e50000, 0x18d50000)
  eden space 5184K,   0% used [0x03800000, 0x03800000, 0x03d10000)
  from space 640K,   0% used [0x03d10000, 0x03d10000, 0x03db0000)
  to   space 640K,   0% used [0x03db0000, 0x03db0000, 0x03e50000)
 tenured generation   total 12868K, used 12542K [0x18d50000, 0x199e1000, 0x43800000)
   the space 12868K,  97% used [0x18d50000, 0x1998f868, 0x1998fa00, 0x199e1000)
 Metaspace       used 3326K, capacity 3462K, committed 3520K, reserved 4480K
}
Event: 4.915 GC heap before
{Heap before GC invocations=20 (full 4):
 def new generation   total 5824K, used 5184K [0x03800000, 0x03e50000, 0x18d50000)
  eden space 5184K, 100% used [0x03800000, 0x03d10000, 0x03d10000)
  from space 640K,   0% used [0x03d10000, 0x03d10000, 0x03db0000)
  to   space 640K,   0% used [0x03db0000, 0x03db0000, 0x03e50000)
 tenured generation   total 12868K, used 12542K [0x18d50000, 0x199e1000, 0x43800000)
   the space 12868K,  97% used [0x18d50000, 0x1998f868, 0x1998fa00, 0x199e1000)
 Metaspace       used 3326K, capacity 3462K, committed 3520K, reserved 4480K
Event: 4.924 GC heap after
Heap after GC invocations=21 (full 4):
 def new generation   total 5824K, used 639K [0x03800000, 0x03e50000, 0x18d50000)
  eden space 5184K,   0% used [0x03800000, 0x03800000, 0x03d10000)
  from space 640K,  99% used [0x03db0000, 0x03e4fff8, 0x03e50000)
  to   space 640K,   0% used [0x03d10000, 0x03d10000, 0x03db0000)
 tenured generation   total 12868K, used 12804K [0x18d50000, 0x199e1000, 0x43800000)
   the space 12868K,  99% used [0x18d50000, 0x199d1100, 0x199d1200, 0x199e1000)
 Metaspace       used 3326K, capacity 3462K, committed 3520K, reserved 4480K
}
Event: 4.958 GC heap before
{Heap before GC invocations=21 (full 4):
 def new generation   total 5824K, used 5823K [0x03800000, 0x03e50000, 0x18d50000)
  eden space 5184K, 100% used [0x03800000, 0x03d10000, 0x03d10000)
  from space 640K,  99% used [0x03db0000, 0x03e4fff8, 0x03e50000)
  to   space 640K,   0% used [0x03d10000, 0x03d10000, 0x03db0000)
 tenured generation   total 12868K, used 12804K [0x18d50000, 0x199e1000, 0x43800000)
   the space 12868K,  99% used [0x18d50000, 0x199d1100, 0x199d1200, 0x199e1000)
 Metaspace       used 3326K, capacity 3462K, committed 3520K, reserved 4480K
Event: 5.090 GC heap after
Heap after GC invocations=22 (full 5):
 def new generation   total 6144K, used 591K [0x03800000, 0x03ea0000, 0x18d50000)
  eden space 5504K,  10% used [0x03800000, 0x03893e80, 0x03d60000)
  from space 640K,   0% used [0x03d60000, 0x03d60000, 0x03e00000)
  to   space 640K,   0% used [0x03e00000, 0x03e00000, 0x03ea0000)
 tenured generation   total 13508K, used 13507K [0x18d50000, 0x19a81000, 0x43800000)
   the space 13508K,  99% used [0x18d50000, 0x19a80ff0, 0x19a81000, 0x19a81000)
 Metaspace       used 3326K, capacity 3462K, committed 3520K, reserved 4480K
}
Event: 5.158 GC heap before
{Heap before GC invocations=22 (full 5):
 def new generation   total 6144K, used 5504K [0x03800000, 0x03ea0000, 0x18d50000)
  eden space 5504K, 100% used [0x03800000, 0x03d60000, 0x03d60000)
  from space 640K,   0% used [0x03d60000, 0x03d60000, 0x03e00000)
  to   space 640K,   0% used [0x03e00000, 0x03e00000, 0x03ea0000)
 tenured generation   total 13508K, used 13507K [0x18d50000, 0x19a81000, 0x43800000)
   the space 13508K,  99% used [0x18d50000, 0x19a80ff0, 0x19a81000, 0x19a81000)
 Metaspace       used 3326K, capacity 3462K, committed 3520K, reserved 4480K

Deoptimization events (0 events):
No events

Internal exceptions (10 events):
Event: 2.112 Thread 0x44039000 Exception <a 'java/security/PrivilegedActionException'> (0x03b60978) thrown at [D:\re\workspace\8-2-build-windows-i586-cygwin\jdk8u5\2488\hotspot\src\share\vm\prims\jvm.cpp, line 1248]
Event: 2.117 Thread 0x44033800 Exception <a 'java/security/PrivilegedActionException'> (0x03b7c750) thrown at [D:\re\workspace\8-2-build-windows-i586-cygwin\jdk8u5\2488\hotspot\src\share\vm\prims\jvm.cpp, line 1248]
Event: 2.123 Thread 0x44039000 Exception <a 'java/security/PrivilegedActionException'> (0x03b87278) thrown at [D:\re\workspace\8-2-build-windows-i586-cygwin\jdk8u5\2488\hotspot\src\share\vm\prims\jvm.cpp, line 1248]
Event: 2.173 Thread 0x44039000 Exception <a 'java/security/PrivilegedActionException'> (0x03bf6f58) thrown at [D:\re\workspace\8-2-build-windows-i586-cygwin\jdk8u5\2488\hotspot\src\share\vm\prims\jvm.cpp, line 1248]
Event: 3.482 Thread 0x007dc400 Exception <a 'java/security/PrivilegedActionException'> (0x03be9a40) thrown at [D:\re\workspace\8-2-build-windows-i586-cygwin\jdk8u5\2488\hotspot\src\share\vm\prims\jvm.cpp, line 1248]
Event: 3.514 Thread 0x007dc400 Exception <a 'java/security/PrivilegedActionException'> (0x03802860) thrown at [D:\re\workspace\8-2-build-windows-i586-cygwin\jdk8u5\2488\hotspot\src\share\vm\prims\jvm.cpp, line 1248]
Event: 3.515 Thread 0x007dc400 Exception <a 'java/security/PrivilegedActionException'> (0x038048d8) thrown at [D:\re\workspace\8-2-build-windows-i586-cygwin\jdk8u5\2488\hotspot\src\share\vm\prims\jvm.cpp, line 1248]
Event: 3.532 Thread 0x007dc400 Exception <a 'java/security/PrivilegedActionException'> (0x0396df68) thrown at [D:\re\workspace\8-2-build-windows-i586-cygwin\jdk8u5\2488\hotspot\src\share\vm\prims\jvm.cpp, line 1248]
Event: 3.532 Thread 0x007dc400 Exception <a 'java/security/PrivilegedActionException'> (0x0398cff8) thrown at [D:\re\workspace\8-2-build-windows-i586-cygwin\jdk8u5\2488\hotspot\src\share\vm\prims\jvm.cpp, line 1248]
Event: 3.616 Thread 0x44039000 Exception <a 'java/security/PrivilegedActionException'> (0x03949df0) thrown at [D:\re\workspace\8-2-build-windows-i586-cygwin\jdk8u5\2488\hotspot\src\share\vm\prims\jvm.cpp, line 1248]

Events (10 events):
Event: 4.415 Executing VM operation: GenCollectForAllocation done
Event: 4.488 Executing VM operation: GenCollectForAllocation
Event: 4.657 Executing VM operation: GenCollectForAllocation done
Event: 4.696 Executing VM operation: GenCollectForAllocation
Event: 4.861 Executing VM operation: GenCollectForAllocation done
Event: 4.910 Executing VM operation: GenCollectForAllocation
Event: 4.924 Executing VM operation: GenCollectForAllocation done
Event: 4.958 Executing VM operation: GenCollectForAllocation
Event: 5.090 Executing VM operation: GenCollectForAllocation done
Event: 5.158 Executing VM operation: GenCollectForAllocation


Dynamic libraries:
0x009e0000 - 0x00a10000 	C:\Program Files\Java\jdk1.8.0_05\bin\java.exe
0x77890000 - 0x77a0b000 	C:\WINDOWS\SYSTEM32\ntdll.dll
0x768b0000 - 0x76946000 	C:\WINDOWS\system32\KERNEL32.DLL
0x74950000 - 0x74acf000 	C:\WINDOWS\system32\KERNELBASE.dll
0x731d0000 - 0x73262000 	C:\WINDOWS\system32\apphelp.dll
0x75340000 - 0x753bb000 	C:\WINDOWS\system32\ADVAPI32.dll
0x76fb0000 - 0x7706e000 	C:\WINDOWS\system32\msvcrt.dll
0x76f10000 - 0x76f54000 	C:\WINDOWS\system32\sechost.dll
0x76c70000 - 0x76d32000 	C:\WINDOWS\system32\RPCRT4.dll
0x77680000 - 0x777b8000 	C:\WINDOWS\system32\USER32.dll
0x77110000 - 0x77265000 	C:\WINDOWS\system32\GDI32.dll
0x6bc40000 - 0x6be4f000 	C:\WINDOWS\WinSxS\x86_microsoft.windows.common-controls_6595b64144ccf1df_6.0.10586.0_none_d3c2e4e965da4528\COMCTL32.dll
0x76d40000 - 0x76efd000 	C:\WINDOWS\system32\combase.dll
0x748a0000 - 0x748f8000 	C:\WINDOWS\system32\bcryptPrimitives.dll
0x77860000 - 0x7788f000 	C:\WINDOWS\system32\IMM32.DLL
0x583f0000 - 0x584af000 	C:\Program Files\Java\jdk1.8.0_05\jre\bin\msvcr100.dll
0x50190000 - 0x50526000 	C:\Program Files\Java\jdk1.8.0_05\jre\bin\client\jvm.dll
0x77100000 - 0x77106000 	C:\WINDOWS\system32\PSAPI.DLL
0x6ab60000 - 0x6ab68000 	C:\WINDOWS\SYSTEM32\WSOCK32.dll
0x76c10000 - 0x76c6f000 	C:\WINDOWS\system32\WS2_32.dll
0x72df0000 - 0x72e14000 	C:\WINDOWS\SYSTEM32\WINMM.dll
0x72cf0000 - 0x72d13000 	C:\WINDOWS\SYSTEM32\WINMMBASE.dll
0x74ad0000 - 0x74b07000 	C:\WINDOWS\system32\cfgmgr32.dll
0x6e0a0000 - 0x6e0ac000 	C:\Program Files\Java\jdk1.8.0_05\jre\bin\verify.dll
0x5a970000 - 0x5a991000 	C:\Program Files\Java\jdk1.8.0_05\jre\bin\java.dll
0x5bd10000 - 0x5bd23000 	C:\Program Files\Java\jdk1.8.0_05\jre\bin\zip.dll
0x753c0000 - 0x767be000 	C:\WINDOWS\system32\SHELL32.dll
0x74b90000 - 0x7508a000 	C:\WINDOWS\system32\windows.storage.dll
0x76f60000 - 0x76fa5000 	C:\WINDOWS\system32\shlwapi.dll
0x74600000 - 0x7460c000 	C:\WINDOWS\system32\kernel.appcore.dll
0x77070000 - 0x770fd000 	C:\WINDOWS\system32\shcore.dll
0x74610000 - 0x74654000 	C:\WINDOWS\system32\powrprof.dll
0x74660000 - 0x7466f000 	C:\WINDOWS\system32\profapi.dll
0x63640000 - 0x6377f000 	C:\WINDOWS\SYSTEM32\dbghelp.dll

VM Arguments:
jvm_args: -Djava.awt.headless=true -Xmx1024M -Dfile.encoding=windows-1252 -Duser.country=US -Duser.language=en -Duser.variant 
java_command: com.android.dx.command.Main --dex --force-jumbo --num-threads=4 --multi-dex --output C:\Users\vercillius\Documents\Thesis\Git\Thesis\circuit-lens\CircuitLens-Android\app\build\intermediates\transforms\dex\debug\folders\1000\10\netty-transport-4.0.24.Final_8a7711efb3c148a44c9b14eac6da1241b56eb1f5 C:\Users\vercillius\.gradle\caches\modules-2\files-2.1\io.netty\netty-transport\4.0.24.Final\95689eb79181ecd96592b0217fe4af0aca143d5\netty-transport-4.0.24.Final.jar
java_class_path (initial): C:\Android\sdk\build-tools\23.0.3\lib\dx.jar
Launcher Type: SUN_STANDARD

Environment Variables:
JAVA_HOME=C:\Program Files\Java\jdk1.8.0_05
PATH=C:\ProgramData\Oracle\Java\javapath;C:\Program Files\Broadcom\Broadcom 802.11 Network Adapter\Driver;C:\Windows\system32;C:\Windows;C:\Windows\System32\Wbem;C:\Windows\System32\WindowsPowerShell\v1.0\;C:\wamp\bin\php\php5.5.12;C:\Bitnami\wappstack-5.5.28-0\php;C:\emacs-24.3\bin;C:\Users\vercillius\AppData\Roaming\npm;C:\Program Files\Java\jdk1.8.0_05\bin;C:\apache-ant-1.9.4\bin;C:\Android\sdk\tools;C:\Android\sdk\platform-tools;C:\adb;C:\WINDOWS\system32;C:\WINDOWS;C:\WINDOWS\System32\Wbem;C:\WINDOWS\System32\WindowsPowerShell\v1.0\;C:\Program Files\nodejs\;C:\Bitnami\wappstack-5.5.28-0\postgresql\bin;C:\Program Files\Common Files\lenovo\easyplussdk\bin;C:\Bitnami\wappstack-5.5.28-0\php;C:\emacs-24.3\bin;C:\Users\vercillius\AppData\Local\Tesseract-OCR;C:\Program Files\Java\jdk1.8.0_05\bin;C:\apache-ant-1.9.4\bin;C:\Android\sdk\tools;C:\Android\sdk\platform-tools;C:\Users\vercillius\AppData\Roaming\npm;~/.composer/vendor/bin;C:\Python27;C:\OpenCV_3_1\opencv\build\x64\vc12\lib;C:\OpenCV_3_1\opencv\build\x64\vc12\bin;C:\Python27\Lib\site-packages\numpy\lib;C:\Program Files\Git\bin;C:\OpenCV_3_1\opencv\build\x64\vc14\bin;C:\OpenCV_3_1\opencv\build\x64\vc14\lib;C:\Python27\Scripts
USERNAME=vercillius
OS=Windows_NT
PROCESSOR_IDENTIFIER=x86 Family 6 Model 55 Stepping 3, GenuineIntel



---------------  S Y S T E M  ---------------

OS: Windows 8.1 Build 9600 

CPU:total 4 (4 cores per cpu, 1 threads per core) family 6 model 55 stepping 3, cmov, cx8, fxsr, mmx, sse, sse2, sse3, ssse3, sse4.1, sse4.2, popcnt, aes, clmul, erms, tsc, tscinvbit

Memory: 4k page, physical 1979556k(122588k free), swap 3208356k(4812k free)

vm_info: Java HotSpot(TM) Client VM (25.5-b02) for windows-x86 JRE (1.8.0_05-b13), built on Mar 18 2014 01:14:47 by "java_re" with MS VC++ 10.0 (VS2010)

time: Sun Jun 05 21:42:13 2016
elapsed time: 5 seconds

