#
# There is insufficient memory for the Java Runtime Environment to continue.
# Native memory allocation (malloc) failed to allocate 4092 bytes for AllocateHeap
# Possible reasons:
#   The system is out of physical RAM or swap space
#   In 32 bit mode, the process size limit was hit
# Possible solutions:
#   Reduce memory load on the system
#   Increase physical memory or swap space
#   Check if swap backing store is full
#   Use 64 bit Java on a 64 bit OS
#   Decrease Java heap size (-Xmx/-Xms)
#   Decrease number of Java threads
#   Decrease Java thread stack sizes (-Xss)
#   Set larger code cache with -XX:ReservedCodeCacheSize=
# This output file may be truncated or incomplete.
#
#  Out of Memory Error (memory/allocation.inline.hpp:62), pid=7836, tid=5888
#
# JRE version: Java(TM) SE Runtime Environment (8.0_05-b13) (build 1.8.0_05-b13)
# Java VM: Java HotSpot(TM) Client VM (25.5-b02 mixed mode windows-x86 )
# Failed to write core dump. Minidumps are not enabled by default on client versions of Windows
#

---------------  T H R E A D  ---------------

Current thread (0x0154a400):  VMThread [stack: 0x01550000,0x015a0000] [id=5888]

Stack: [0x01550000,0x015a0000],  sp=0x0159ec4c,  free space=315k
Native frames: (J=compiled Java code, j=interpreted, Vv=VM code, C=native code)
V  [jvm.dll+0x1921e8]
V  [jvm.dll+0x18b328]
V  [jvm.dll+0xbb62b]
V  [jvm.dll+0x887ef]
V  [jvm.dll+0xc527f]
V  [jvm.dll+0xc542d]
V  [jvm.dll+0x19d471]
V  [jvm.dll+0x19d620]
V  [jvm.dll+0x9a75b]
V  [jvm.dll+0x96f31]
V  [jvm.dll+0x8d100]
V  [jvm.dll+0x8ed63]
V  [jvm.dll+0x8f1af]
V  [jvm.dll+0x8e06f]
V  [jvm.dll+0x99282]
V  [jvm.dll+0x8cba3]
V  [jvm.dll+0x87373]
V  [jvm.dll+0x1a0596]
V  [jvm.dll+0x16a05b]
V  [jvm.dll+0x169421]
V  [jvm.dll+0x169837]
V  [jvm.dll+0x169a32]
V  [jvm.dll+0x1a9186]
C  [msvcr100.dll+0x5c556]
C  [msvcr100.dll+0x5c600]
C  [KERNEL32.DLL+0x195f4]
C  [ntdll.dll+0x2241a]
C  [ntdll.dll+0x223e9]

VM_Operation (0x4429edc4): GenCollectForAllocation, mode: safepoint, requested by thread 0x43fdc000


---------------  P R O C E S S  ---------------

Java Threads: ( => current thread )
  0x43fe5800 JavaThread "pool-2-thread-4" [_thread_blocked, id=2420, stack(0x44390000,0x443e0000)]
  0x43fe2800 JavaThread "pool-2-thread-3" [_thread_blocked, id=2452, stack(0x44340000,0x44390000)]
  0x43fe1c00 JavaThread "pool-2-thread-2" [_thread_blocked, id=916, stack(0x442f0000,0x44340000)]
  0x43fdc400 JavaThread "pool-3-thread-1" [_thread_blocked, id=7284, stack(0x442a0000,0x442f0000)]
  0x43fdc000 JavaThread "pool-2-thread-1" [_thread_blocked, id=10228, stack(0x44250000,0x442a0000)]
  0x43e9fc00 JavaThread "Service Thread" daemon [_thread_blocked, id=9112, stack(0x441b0000,0x44200000)]
  0x43e9e000 JavaThread "C1 CompilerThread0" daemon [_thread_blocked, id=1772, stack(0x44160000,0x441b0000)]
  0x43e9d000 JavaThread "Attach Listener" daemon [_thread_blocked, id=5784, stack(0x44110000,0x44160000)]
  0x43e9b000 JavaThread "Signal Dispatcher" daemon [_thread_blocked, id=5328, stack(0x440c0000,0x44110000)]
  0x43e71800 JavaThread "Finalizer" daemon [_thread_blocked, id=9796, stack(0x44070000,0x440c0000)]
  0x0154d400 JavaThread "Reference Handler" daemon [_thread_blocked, id=10064, stack(0x03790000,0x037e0000)]
  0x015ac400 JavaThread "main" [_thread_blocked, id=5672, stack(0x006b0000,0x00700000)]

Other Threads:
=>0x0154a400 VMThread [stack: 0x01550000,0x015a0000] [id=5888]
  0x43ea4000 WatcherThread [stack: 0x44200000,0x44250000] [id=7796]

VM state:at safepoint (normal execution)

VM Mutex/Monitor currently owned by a thread:  ([mutex/lock_event])
[0x015aac90] Threads_lock - owner thread: 0x0154a400
[0x015abd90] Heap_lock - owner thread: 0x43fdc000

Heap:
 def new generation   total 8064K, used 8063K [0x03800000, 0x040c0000, 0x18d50000)
  eden space 7168K, 100% used [0x03800000, 0x03f00000, 0x03f00000)
  from space 896K,  99% used [0x03fe0000, 0x040bfff8, 0x040c0000)
  to   space 896K,  99% used [0x03f00000, 0x03fdfff8, 0x03fe0000)
 tenured generation   total 32020K, used 31898K [0x18d50000, 0x1ac95000, 0x43800000)
   the space 32020K,  99% used [0x18d50000, 0x1ac76b40, 0x1ac76c00, 0x1ac95000)
 Metaspace       used 3391K, capacity 3462K, committed 3520K, reserved 4480K

Card table byte_map: [0x43800000,0x43a10000] byte_map_base: 0x437e4000

Polling page: 0x00700000

CodeCache: size=32768Kb used=2650Kb max_used=2650Kb free=30117Kb
 bounds [0x015b0000, 0x01848000, 0x035b0000]
 total_blobs=1246 nmethods=1103 adapters=74
 compilation: enabled

Compilation events (10 events):
Event: 7.074 Thread 0x43e9e000 1100             com.android.dx.cf.code.BytecodeArray::parseNewarray (594 bytes)
Event: 7.078 Thread 0x43e9e000 nmethod 1100 0x01844808 code [0x01844a20, 0x018454f4]
Event: 7.088 Thread 0x43e9e000 1102             java.lang.Thread::interrupted (8 bytes)
Event: 7.088 Thread 0x43e9e000 nmethod 1102 0x01846388 code [0x01846480, 0x0184651c]
Event: 7.108 Thread 0x43e9e000 1103             com.android.dx.rop.code.ThrowingInsn::getCatches (5 bytes)
Event: 7.108 Thread 0x43e9e000 nmethod 1103 0x01846588 code [0x01846680, 0x01846700]
Event: 7.117 Thread 0x43e9e000 1104             com.android.dx.rop.code.BasicBlockList$RegCountVisitor::visitThrowingInsn (6 bytes)
Event: 7.118 Thread 0x43e9e000 nmethod 1104 0x01846748 code [0x01846840, 0x018468cc]
Event: 7.181 Thread 0x43e9e000 1105             com.android.dx.rop.cst.CstType::hashCode (8 bytes)
Event: 7.182 Thread 0x43e9e000 nmethod 1105 0x01846948 code [0x01846a50, 0x01846aec]

GC Heap History (10 events):
Event: 6.799 GC heap after
Heap after GC invocations=29 (full 2):
 def new generation   total 8064K, used 895K [0x03800000, 0x040c0000, 0x18d50000)
  eden space 7168K,   0% used [0x03800000, 0x03800000, 0x03f00000)
  from space 896K,  99% used [0x03f00000, 0x03fdfff8, 0x03fe0000)
  to   space 896K,   0% used [0x03fe0000, 0x03fe0000, 0x040c0000)
 tenured generation   total 30820K, used 25878K [0x18d50000, 0x1ab69000, 0x43800000)
   the space 30820K,  83% used [0x18d50000, 0x1a6959c0, 0x1a695a00, 0x1ab69000)
 Metaspace       used 3391K, capacity 3462K, committed 3520K, reserved 4480K
}
Event: 6.877 GC heap before
{Heap before GC invocations=29 (full 2):
 def new generation   total 8064K, used 8063K [0x03800000, 0x040c0000, 0x18d50000)
  eden space 7168K, 100% used [0x03800000, 0x03f00000, 0x03f00000)
  from space 896K,  99% used [0x03f00000, 0x03fdfff8, 0x03fe0000)
  to   space 896K,   0% used [0x03fe0000, 0x03fe0000, 0x040c0000)
 tenured generation   total 30820K, used 25878K [0x18d50000, 0x1ab69000, 0x43800000)
   the space 30820K,  83% used [0x18d50000, 0x1a6959d8, 0x1a695a00, 0x1ab69000)
 Metaspace       used 3391K, capacity 3462K, committed 3520K, reserved 4480K
Event: 6.893 GC heap after
Heap after GC invocations=30 (full 2):
 def new generation   total 8064K, used 896K [0x03800000, 0x040c0000, 0x18d50000)
  eden space 7168K,   0% used [0x03800000, 0x03800000, 0x03f00000)
  from space 896K, 100% used [0x03fe0000, 0x040c0000, 0x040c0000)
  to   space 896K,   0% used [0x03f00000, 0x03f00000, 0x03fe0000)
 tenured generation   total 30820K, used 26885K [0x18d50000, 0x1ab69000, 0x43800000)
   the space 30820K,  87% used [0x18d50000, 0x1a791790, 0x1a791800, 0x1ab69000)
 Metaspace       used 3391K, capacity 3462K, committed 3520K, reserved 4480K
}
Event: 6.963 GC heap before
{Heap before GC invocations=30 (full 2):
 def new generation   total 8064K, used 8064K [0x03800000, 0x040c0000, 0x18d50000)
  eden space 7168K, 100% used [0x03800000, 0x03f00000, 0x03f00000)
  from space 896K, 100% used [0x03fe0000, 0x040c0000, 0x040c0000)
  to   space 896K,   0% used [0x03f00000, 0x03f00000, 0x03fe0000)
 tenured generation   total 30820K, used 26885K [0x18d50000, 0x1ab69000, 0x43800000)
   the space 30820K,  87% used [0x18d50000, 0x1a791790, 0x1a791800, 0x1ab69000)
 Metaspace       used 3391K, capacity 3462K, committed 3520K, reserved 4480K
Event: 6.979 GC heap after
Heap after GC invocations=31 (full 2):
 def new generation   total 8064K, used 896K [0x03800000, 0x040c0000, 0x18d50000)
  eden space 7168K,   0% used [0x03800000, 0x03800000, 0x03f00000)
  from space 896K, 100% used [0x03f00000, 0x03fe0000, 0x03fe0000)
  to   space 896K,   0% used [0x03fe0000, 0x03fe0000, 0x040c0000)
 tenured generation   total 30820K, used 28027K [0x18d50000, 0x1ab69000, 0x43800000)
   the space 30820K,  90% used [0x18d50000, 0x1a8aecf0, 0x1a8aee00, 0x1ab69000)
 Metaspace       used 3391K, capacity 3462K, committed 3520K, reserved 4480K
}
Event: 7.043 GC heap before
{Heap before GC invocations=31 (full 2):
 def new generation   total 8064K, used 8064K [0x03800000, 0x040c0000, 0x18d50000)
  eden space 7168K, 100% used [0x03800000, 0x03f00000, 0x03f00000)
  from space 896K, 100% used [0x03f00000, 0x03fe0000, 0x03fe0000)
  to   space 896K,   0% used [0x03fe0000, 0x03fe0000, 0x040c0000)
 tenured generation   total 30820K, used 28027K [0x18d50000, 0x1ab69000, 0x43800000)
   the space 30820K,  90% used [0x18d50000, 0x1a8aecf0, 0x1a8aee00, 0x1ab69000)
 Metaspace       used 3391K, capacity 3462K, committed 3520K, reserved 4480K
Event: 7.059 GC heap after
Heap after GC invocations=32 (full 2):
 def new generation   total 8064K, used 896K [0x03800000, 0x040c0000, 0x18d50000)
  eden space 7168K,   0% used [0x03800000, 0x03800000, 0x03f00000)
  from space 896K, 100% used [0x03fe0000, 0x040c0000, 0x040c0000)
  to   space 896K,   0% used [0x03f00000, 0x03f00000, 0x03fe0000)
 tenured generation   total 30820K, used 29094K [0x18d50000, 0x1ab69000, 0x43800000)
   the space 30820K,  94% used [0x18d50000, 0x1a9b9bf0, 0x1a9b9c00, 0x1ab69000)
 Metaspace       used 3391K, capacity 3462K, committed 3520K, reserved 4480K
}
Event: 7.143 GC heap before
{Heap before GC invocations=32 (full 2):
 def new generation   total 8064K, used 8064K [0x03800000, 0x040c0000, 0x18d50000)
  eden space 7168K, 100% used [0x03800000, 0x03f00000, 0x03f00000)
  from space 896K, 100% used [0x03fe0000, 0x040c0000, 0x040c0000)
  to   space 896K,   0% used [0x03f00000, 0x03f00000, 0x03fe0000)
 tenured generation   total 30820K, used 29094K [0x18d50000, 0x1ab69000, 0x43800000)
   the space 30820K,  94% used [0x18d50000, 0x1a9b9bf0, 0x1a9b9c00, 0x1ab69000)
 Metaspace       used 3391K, capacity 3462K, committed 3520K, reserved 4480K
Event: 7.162 GC heap after
Heap after GC invocations=33 (full 2):
 def new generation   total 8064K, used 895K [0x03800000, 0x040c0000, 0x18d50000)
  eden space 7168K,   0% used [0x03800000, 0x03800000, 0x03f00000)
  from space 896K,  99% used [0x03f00000, 0x03fdfff8, 0x03fe0000)
  to   space 896K,   0% used [0x03fe0000, 0x03fe0000, 0x040c0000)
 tenured generation   total 30820K, used 30769K [0x18d50000, 0x1ab69000, 0x43800000)
   the space 30820K,  99% used [0x18d50000, 0x1ab5c480, 0x1ab5c600, 0x1ab69000)
 Metaspace       used 3391K, capacity 3462K, committed 3520K, reserved 4480K
}
Event: 7.211 GC heap before
{Heap before GC invocations=33 (full 2):
 def new generation   total 8064K, used 8063K [0x03800000, 0x040c0000, 0x18d50000)
  eden space 7168K, 100% used [0x03800000, 0x03f00000, 0x03f00000)
  from space 896K,  99% used [0x03f00000, 0x03fdfff8, 0x03fe0000)
  to   space 896K,   0% used [0x03fe0000, 0x03fe0000, 0x040c0000)
 tenured generation   total 30820K, used 30769K [0x18d50000, 0x1ab69000, 0x43800000)
   the space 30820K,  99% used [0x18d50000, 0x1ab5c480, 0x1ab5c600, 0x1ab69000)
 Metaspace       used 3391K, capacity 3462K, committed 3520K, reserved 4480K

Deoptimization events (0 events):
No events

Internal exceptions (10 events):
Event: 2.790 Thread 0x43fdc000 Exception <a 'java/security/PrivilegedActionException'> (0x03b289a0) thrown at [D:\re\workspace\8-2-build-windows-i586-cygwin\jdk8u5\2488\hotspot\src\share\vm\prims\jvm.cpp, line 1248]
Event: 2.936 Thread 0x015ac400 Exception <a 'java/security/PrivilegedActionException'> (0x03911a70) thrown at [D:\re\workspace\8-2-build-windows-i586-cygwin\jdk8u5\2488\hotspot\src\share\vm\prims\jvm.cpp, line 1248]
Event: 3.403 Thread 0x43fe5800 Exception <a 'java/security/PrivilegedActionException'> (0x03a26f10) thrown at [D:\re\workspace\8-2-build-windows-i586-cygwin\jdk8u5\2488\hotspot\src\share\vm\prims\jvm.cpp, line 1248]
Event: 4.308 Thread 0x015ac400 Exception <a 'java/security/PrivilegedActionException'> (0x03abc0e0) thrown at [D:\re\workspace\8-2-build-windows-i586-cygwin\jdk8u5\2488\hotspot\src\share\vm\prims\jvm.cpp, line 1248]
Event: 4.309 Thread 0x015ac400 Exception <a 'java/security/PrivilegedActionException'> (0x03ad5610) thrown at [D:\re\workspace\8-2-build-windows-i586-cygwin\jdk8u5\2488\hotspot\src\share\vm\prims\jvm.cpp, line 1248]
Event: 4.313 Thread 0x015ac400 Exception <a 'java/security/PrivilegedActionException'> (0x03b1c3c8) thrown at [D:\re\workspace\8-2-build-windows-i586-cygwin\jdk8u5\2488\hotspot\src\share\vm\prims\jvm.cpp, line 1248]
Event: 4.316 Thread 0x015ac400 Exception <a 'java/security/PrivilegedActionException'> (0x03b1e708) thrown at [D:\re\workspace\8-2-build-windows-i586-cygwin\jdk8u5\2488\hotspot\src\share\vm\prims\jvm.cpp, line 1248]
Event: 4.535 Thread 0x43fdc000 Exception <a 'java/lang/ArrayIndexOutOfBoundsException': 18> (0x038fbd30) thrown at [D:\re\workspace\8-2-build-windows-i586-cygwin\jdk8u5\2488\hotspot\src\share\vm\interpreter\interpreterRuntime.cpp, line 337]
Event: 4.536 Thread 0x43fdc000 Exception <a 'java/lang/ArrayIndexOutOfBoundsException': 145> (0x038fd4f8) thrown at [D:\re\workspace\8-2-build-windows-i586-cygwin\jdk8u5\2488\hotspot\src\share\vm\interpreter\interpreterRuntime.cpp, line 337]
Event: 4.539 Thread 0x43fdc000 Exception <a 'java/lang/ArrayIndexOutOfBoundsException': 40> (0x03982530) thrown at [D:\re\workspace\8-2-build-windows-i586-cygwin\jdk8u5\2488\hotspot\src\share\vm\interpreter\interpreterRuntime.cpp, line 337]

Events (10 events):
Event: 6.876 Executing VM operation: GenCollectForAllocation done
Event: 6.876 Executing VM operation: GenCollectFull
Event: 6.893 Executing VM operation: GenCollectFull done
Event: 6.931 Executing VM operation: GenCollectForAllocation
Event: 6.980 Executing VM operation: GenCollectForAllocation done
Event: 7.043 Executing VM operation: GenCollectForAllocation
Event: 7.059 Executing VM operation: GenCollectForAllocation done
Event: 7.124 Executing VM operation: GenCollectForAllocation
Event: 7.162 Executing VM operation: GenCollectForAllocation done
Event: 7.207 Executing VM operation: GenCollectForAllocation


Dynamic libraries:
0x00010000 - 0x00040000 	C:\Program Files\Java\jdk1.8.0_05\bin\java.exe
0x77650000 - 0x777cb000 	C:\WINDOWS\SYSTEM32\ntdll.dll
0x775a0000 - 0x77636000 	C:\WINDOWS\system32\KERNEL32.DLL
0x74a20000 - 0x74b9f000 	C:\WINDOWS\system32\KERNELBASE.dll
0x72f90000 - 0x73022000 	C:\WINDOWS\system32\apphelp.dll
0x75080000 - 0x750fb000 	C:\WINDOWS\system32\ADVAPI32.dll
0x74e50000 - 0x74f0e000 	C:\WINDOWS\system32\msvcrt.dll
0x75030000 - 0x75074000 	C:\WINDOWS\system32\sechost.dll
0x77330000 - 0x773f2000 	C:\WINDOWS\system32\RPCRT4.dll
0x77460000 - 0x77598000 	C:\WINDOWS\system32\USER32.dll
0x75370000 - 0x754c5000 	C:\WINDOWS\system32\GDI32.dll
0x6bed0000 - 0x6c0df000 	C:\WINDOWS\WinSxS\x86_microsoft.windows.common-controls_6595b64144ccf1df_6.0.10586.0_none_d3c2e4e965da4528\COMCTL32.dll
0x77000000 - 0x771bd000 	C:\WINDOWS\system32\combase.dll
0x74440000 - 0x74498000 	C:\WINDOWS\system32\bcryptPrimitives.dll
0x75200000 - 0x7522f000 	C:\WINDOWS\system32\IMM32.DLL
0x685b0000 - 0x6866f000 	C:\Program Files\Java\jdk1.8.0_05\jre\bin\msvcr100.dll
0x66070000 - 0x66406000 	C:\Program Files\Java\jdk1.8.0_05\jre\bin\client\jvm.dll
0x76ff0000 - 0x76ff6000 	C:\WINDOWS\system32\PSAPI.DLL
0x6c5f0000 - 0x6c5f8000 	C:\WINDOWS\SYSTEM32\WSOCK32.dll
0x75710000 - 0x7576f000 	C:\WINDOWS\system32\WS2_32.dll
0x72b20000 - 0x72b44000 	C:\WINDOWS\SYSTEM32\WINMM.dll
0x72ab0000 - 0x72ad3000 	C:\WINDOWS\SYSTEM32\WINMMBASE.dll
0x74ba0000 - 0x74bd7000 	C:\WINDOWS\system32\cfgmgr32.dll
0x72aa0000 - 0x72aac000 	C:\Program Files\Java\jdk1.8.0_05\jre\bin\verify.dll
0x6cc80000 - 0x6cca1000 	C:\Program Files\Java\jdk1.8.0_05\jre\bin\java.dll
0x6cc10000 - 0x6cc23000 	C:\Program Files\Java\jdk1.8.0_05\jre\bin\zip.dll
0x757e0000 - 0x76bde000 	C:\WINDOWS\system32\SHELL32.dll
0x74500000 - 0x749fa000 	C:\WINDOWS\system32\windows.storage.dll
0x752c0000 - 0x75305000 	C:\WINDOWS\system32\shlwapi.dll
0x74430000 - 0x7443c000 	C:\WINDOWS\system32\kernel.appcore.dll
0x75680000 - 0x7570d000 	C:\WINDOWS\system32\shcore.dll
0x743e0000 - 0x74424000 	C:\WINDOWS\system32\powrprof.dll
0x743d0000 - 0x743df000 	C:\WINDOWS\system32\profapi.dll

VM Arguments:
jvm_args: -Djava.awt.headless=true -Xmx1024M -Dfile.encoding=windows-1252 -Duser.country=US -Duser.language=en -Duser.variant 
java_command: com.android.dx.command.Main --dex --force-jumbo --num-threads=4 --multi-dex --output C:\Users\vercillius\Documents\Thesis\Git\Thesis\circuit-lens\CircuitLens-Android\app\build\intermediates\transforms\dex\debug\folders\1000\10\netty-codec-http-4.0.24.Final_1e23eaa93849aeb01977d6e96f4b9541b741a023 C:\Users\vercillius\.gradle\caches\modules-2\files-2.1\io.netty\netty-codec-http\4.0.24.Final\aa59de3ada353518026f869bb89b71064f65911e\netty-codec-http-4.0.24.Final.jar
java_class_path (initial): C:\Android\sdk\build-tools\23.0.3\lib\dx.jar
Launcher Type: SUN_STANDARD

Environment Variables:
JAVA_HOME=C:\Program Files\Java\jdk1.8.0_05
PATH=C:\ProgramData\Oracle\Java\javapath;C:\Program Files\Broadcom\Broadcom 802.11 Network Adapter\Driver;C:\Windows\system32;C:\Windows;C:\Windows\System32\Wbem;C:\Windows\System32\WindowsPowerShell\v1.0\;C:\wamp\bin\php\php5.5.12;C:\Bitnami\wappstack-5.5.28-0\php;C:\emacs-24.3\bin;C:\Users\vercillius\AppData\Roaming\npm;C:\Program Files\Java\jdk1.8.0_05\bin;C:\apache-ant-1.9.4\bin;C:\Android\sdk\tools;C:\Android\sdk\platform-tools;C:\adb;C:\WINDOWS\system32;C:\WINDOWS;C:\WINDOWS\System32\Wbem;C:\WINDOWS\System32\WindowsPowerShell\v1.0\;C:\Program Files\nodejs\;C:\Bitnami\wappstack-5.5.28-0\postgresql\bin;C:\Program Files\Common Files\lenovo\easyplussdk\bin;C:\Bitnami\wappstack-5.5.28-0\php;C:\emacs-24.3\bin;C:\Users\vercillius\AppData\Local\Tesseract-OCR;C:\Program Files\Java\jdk1.8.0_05\bin;C:\apache-ant-1.9.4\bin;C:\Android\sdk\tools;C:\Android\sdk\platform-tools;C:\Users\vercillius\AppData\Roaming\npm;~/.composer/vendor/bin;C:\Python27;C:\OpenCV_3_1\opencv\build\x64\vc12\lib;C:\OpenCV_3_1\opencv\build\x64\vc12\bin;C:\Python27\Lib\site-packages\numpy\lib;C:\Program Files\Git\bin;C:\OpenCV_3_1\opencv\build\x64\vc14\bin;C:\OpenCV_3_1\opencv\build\x64\vc14\lib;C:\Python27\Scripts
USERNAME=vercillius
OS=Windows_NT
PROCESSOR_IDENTIFIER=x86 Family 6 Model 55 Stepping 3, GenuineIntel



---------------  S Y S T E M  ---------------

OS: Windows 8.1 Build 9600 

CPU:total 4 (4 cores per cpu, 1 threads per core) family 6 model 55 stepping 3, cmov, cx8, fxsr, mmx, sse, sse2, sse3, ssse3, sse4.1, sse4.2, popcnt, aes, clmul, erms, tsc, tscinvbit

Memory: 4k page, physical 1979556k(107568k free), swap 3208356k(3548k free)

vm_info: Java HotSpot(TM) Client VM (25.5-b02) for windows-x86 JRE (1.8.0_05-b13), built on Mar 18 2014 01:14:47 by "java_re" with MS VC++ 10.0 (VS2010)

time: Fri May 06 02:54:40 2016
elapsed time: 7 seconds

