#
# There is insufficient memory for the Java Runtime Environment to continue.
# Native memory allocation (malloc) failed to allocate 64000 bytes for AllocateHeap
# Possible reasons:
#   The system is out of physical RAM or swap space
#   In 32 bit mode, the process size limit was hit
# Possible solutions:
#   Reduce memory load on the system
#   Increase physical memory or swap space
#   Check if swap backing store is full
#   Use 64 bit Java on a 64 bit OS
#   Decrease Java heap size (-Xmx/-Xms)
#   Decrease number of Java threads
#   Decrease Java thread stack sizes (-Xss)
#   Set larger code cache with -XX:ReservedCodeCacheSize=
# This output file may be truncated or incomplete.
#
#  Out of Memory Error (memory/allocation.inline.hpp:62), pid=15340, tid=23132
#
# JRE version: Java(TM) SE Runtime Environment (8.0_05-b13) (build 1.8.0_05-b13)
# Java VM: Java HotSpot(TM) Client VM (25.5-b02 mixed mode windows-x86 )
# Failed to write core dump. Minidumps are not enabled by default on client versions of Windows
#

---------------  T H R E A D  ---------------

Current thread (0x0170ac00):  VMThread [stack: 0x00900000,0x00950000] [id=23132]

Stack: [0x00900000,0x00950000],  sp=0x0094f018,  free space=316k
Native frames: (J=compiled Java code, j=interpreted, Vv=VM code, C=native code)
V  [jvm.dll+0x1921e8]
V  [jvm.dll+0x18b328]
V  [jvm.dll+0x18c58b]
V  [jvm.dll+0x4aff4]
V  [jvm.dll+0x40709]
V  [jvm.dll+0xbe85a]
V  [jvm.dll+0x405bf]
V  [jvm.dll+0x5b908]
V  [jvm.dll+0x405e0]
V  [jvm.dll+0x55603]
V  [jvm.dll+0x406c1]
V  [jvm.dll+0x452e0]
V  [jvm.dll+0x8edc8]
V  [jvm.dll+0x8f1af]
V  [jvm.dll+0x8e06f]
V  [jvm.dll+0x99282]
V  [jvm.dll+0x8cba3]
V  [jvm.dll+0x8cf8e]
V  [jvm.dll+0x8d251]
V  [jvm.dll+0x6c720]
V  [jvm.dll+0x1a0791]
V  [jvm.dll+0x16a05b]
V  [jvm.dll+0x169421]
V  [jvm.dll+0x169837]
V  [jvm.dll+0x169a32]
V  [jvm.dll+0x1a9186]
C  [msvcr100.dll+0x5c556]
C  [msvcr100.dll+0x5c600]
C  [KERNEL32.DLL+0x195f4]
C  [ntdll.dll+0x2241a]
C  [ntdll.dll+0x223e9]

VM_Operation (0x4489df44): CollectForMetadataAllocation, mode: safepoint, requested by thread 0x440f9c00


---------------  P R O C E S S  ---------------

Java Threads: ( => current thread )
  0x440f9c00 JavaThread "pool-1-thread-1" [_thread_blocked, id=20288, stack(0x44850000,0x448a0000)]
  0x44021800 JavaThread "Service Thread" daemon [_thread_blocked, id=23756, stack(0x44220000,0x44270000)]
  0x4400ac00 JavaThread "C1 CompilerThread0" daemon [_thread_blocked, id=22768, stack(0x441d0000,0x44220000)]
  0x44009800 JavaThread "Attach Listener" daemon [_thread_blocked, id=22548, stack(0x037b0000,0x03800000)]
  0x44007c00 JavaThread "Signal Dispatcher" daemon [_thread_blocked, id=20448, stack(0x03760000,0x037b0000)]
  0x43fd5c00 JavaThread "Finalizer" daemon [_thread_blocked, id=23272, stack(0x03710000,0x03760000)]
  0x0170d800 JavaThread "Reference Handler" daemon [_thread_blocked, id=23192, stack(0x00950000,0x009a0000)]
  0x0080c400 JavaThread "main" [_thread_blocked, id=17768, stack(0x00810000,0x00860000)]

Other Threads:
=>0x0170ac00 VMThread [stack: 0x00900000,0x00950000] [id=23132]
  0x44027800 WatcherThread [stack: 0x44270000,0x442c0000] [id=12824]

VM state:at safepoint (normal execution)

VM Mutex/Monitor currently owned by a thread:  ([mutex/lock_event])
[0x0080ac48] Threads_lock - owner thread: 0x0170ac00
[0x0080b458] Heap_lock - owner thread: 0x440f9c00

Heap:
 def new generation   total 13056K, used 11055K [0x03800000, 0x04620000, 0x18d50000)
  eden space 11648K,  82% used [0x03800000, 0x0416bea8, 0x04360000)
  from space 1408K,  99% used [0x04360000, 0x044bfff8, 0x044c0000)
  to   space 1408K,   0% used [0x044c0000, 0x044c0000, 0x04620000)
 tenured generation   total 35700K, used 29542K [0x18d50000, 0x1b02d000, 0x43800000)
   the space 35700K,  82% used [0x18d50000, 0x1aa29830, 0x1aa29a00, 0x1b02d000)
 Metaspace       used 3608K, capacity 3630K, committed 3648K, reserved 6528K

Card table byte_map: [0x43800000,0x43a10000] byte_map_base: 0x437e4000

Polling page: 0x007e0000

CodeCache: size=32768Kb used=2417Kb max_used=2417Kb free=30350Kb
 bounds [0x01710000, 0x01970000, 0x03710000]
 total_blobs=1164 nmethods=1019 adapters=76
 compilation: enabled

Compilation events (10 events):
Event: 4.551 Thread 0x4400ac00 1031   !         com.android.dx.dex.file.OffsettedItem::writeTo (72 bytes)
Event: 4.552 Thread 0x4400ac00 nmethod 1031 0x01969588 code [0x01969740, 0x01969b94]
Event: 4.552 Thread 0x4400ac00 1032             com.android.dx.util.ByteArrayAnnotatedOutput::assertCursor (48 bytes)
Event: 4.553 Thread 0x4400ac00 nmethod 1032 0x0196a148 code [0x0196a2a0, 0x0196a568]
Event: 4.553 Thread 0x4400ac00 1033             com.android.dx.dex.file.MixedItemSection::writeTo0 (155 bytes)
Event: 4.555 Thread 0x4400ac00 nmethod 1033 0x0196a7c8 code [0x0196a930, 0x0196ad28]
Event: 4.574 Thread 0x4400ac00 1034             java.util.Properties$LineReader::readLine (468 bytes)
Event: 4.577 Thread 0x4400ac00 nmethod 1034 0x0196b1c8 code [0x0196b350, 0x0196bb6c]
Event: 4.577 Thread 0x4400ac00 1035             java.util.Properties::loadConvert (505 bytes)
Event: 4.578 Thread 0x4400ac00 nmethod 1035 0x0196c288 code [0x0196c3d0, 0x0196c7f8]

GC Heap History (10 events):
Event: 2.551 GC heap after
Heap after GC invocations=15 (full 3):
 def new generation   total 13056K, used 478K [0x03800000, 0x04620000, 0x18d50000)
  eden space 11648K,   4% used [0x03800000, 0x03877b00, 0x04360000)
  from space 1408K,   0% used [0x04360000, 0x04360000, 0x044c0000)
  to   space 1408K,   0% used [0x044c0000, 0x044c0000, 0x04620000)
 tenured generation   total 28824K, used 28824K [0x18d50000, 0x1a976000, 0x43800000)
   the space 28824K, 100% used [0x18d50000, 0x1a976000, 0x1a976000, 0x1a976000)
 Metaspace       used 3435K, capacity 3494K, committed 3520K, reserved 4480K
}
Event: 2.576 GC heap before
{Heap before GC invocations=15 (full 3):
 def new generation   total 13056K, used 11648K [0x03800000, 0x04620000, 0x18d50000)
  eden space 11648K, 100% used [0x03800000, 0x04360000, 0x04360000)
  from space 1408K,   0% used [0x04360000, 0x04360000, 0x044c0000)
  to   space 1408K,   0% used [0x044c0000, 0x044c0000, 0x04620000)
 tenured generation   total 28824K, used 28824K [0x18d50000, 0x1a976000, 0x43800000)
   the space 28824K, 100% used [0x18d50000, 0x1a976000, 0x1a976000, 0x1a976000)
 Metaspace       used 3435K, capacity 3494K, committed 3520K, reserved 4480K
Event: 2.813 GC heap after
Heap after GC invocations=16 (full 4):
 def new generation   total 13056K, used 0K [0x03800000, 0x04620000, 0x18d50000)
  eden space 11648K,   0% used [0x03800000, 0x03800000, 0x04360000)
  from space 1408K,   0% used [0x044c0000, 0x044c0000, 0x04620000)
  to   space 1408K,   0% used [0x04360000, 0x04360000, 0x044c0000)
 tenured generation   total 32464K, used 31950K [0x18d50000, 0x1ad04000, 0x43800000)
   the space 32464K,  98% used [0x18d50000, 0x1ac83a10, 0x1ac83c00, 0x1ad04000)
 Metaspace       used 3435K, capacity 3494K, committed 3520K, reserved 4480K
}
Event: 2.911 GC heap before
{Heap before GC invocations=16 (full 4):
 def new generation   total 13056K, used 11648K [0x03800000, 0x04620000, 0x18d50000)
  eden space 11648K, 100% used [0x03800000, 0x04360000, 0x04360000)
  from space 1408K,   0% used [0x044c0000, 0x044c0000, 0x04620000)
  to   space 1408K,   0% used [0x04360000, 0x04360000, 0x044c0000)
 tenured generation   total 32464K, used 31950K [0x18d50000, 0x1ad04000, 0x43800000)
   the space 32464K,  98% used [0x18d50000, 0x1ac83a10, 0x1ac83c00, 0x1ad04000)
 Metaspace       used 3435K, capacity 3494K, committed 3520K, reserved 4480K
Event: 3.252 GC heap after
Heap after GC invocations=17 (full 5):
 def new generation   total 13056K, used 1874K [0x03800000, 0x04620000, 0x18d50000)
  eden space 11648K,  16% used [0x03800000, 0x039d4ba8, 0x04360000)
  from space 1408K,   0% used [0x04360000, 0x04360000, 0x044c0000)
  to   space 1408K,   0% used [0x044c0000, 0x044c0000, 0x04620000)
 tenured generation   total 34388K, used 34388K [0x18d50000, 0x1aee5000, 0x43800000)
   the space 34388K, 100% used [0x18d50000, 0x1aee5000, 0x1aee5000, 0x1aee5000)
 Metaspace       used 3435K, capacity 3494K, committed 3520K, reserved 4480K
}
Event: 3.302 GC heap before
{Heap before GC invocations=17 (full 5):
 def new generation   total 13056K, used 11648K [0x03800000, 0x04620000, 0x18d50000)
  eden space 11648K, 100% used [0x03800000, 0x04360000, 0x04360000)
  from space 1408K,   0% used [0x04360000, 0x04360000, 0x044c0000)
  to   space 1408K,   0% used [0x044c0000, 0x044c0000, 0x04620000)
 tenured generation   total 34388K, used 34388K [0x18d50000, 0x1aee5000, 0x43800000)
   the space 34388K, 100% used [0x18d50000, 0x1aee5000, 0x1aee5000, 0x1aee5000)
 Metaspace       used 3435K, capacity 3494K, committed 3520K, reserved 4480K
Event: 4.110 GC heap after
Heap after GC invocations=18 (full 6):
 def new generation   total 13056K, used 0K [0x03800000, 0x04620000, 0x18d50000)
  eden space 11648K,   0% used [0x03800000, 0x03800000, 0x04360000)
  from space 1408K,   0% used [0x044c0000, 0x044c0000, 0x04620000)
  to   space 1408K,   0% used [0x04360000, 0x04360000, 0x044c0000)
 tenured generation   total 35700K, used 25998K [0x18d50000, 0x1b02d000, 0x43800000)
   the space 35700K,  72% used [0x18d50000, 0x1a6b3838, 0x1a6b3a00, 0x1b02d000)
 Metaspace       used 3435K, capacity 3494K, committed 3520K, reserved 4480K
}
Event: 4.161 GC heap before
{Heap before GC invocations=18 (full 6):
 def new generation   total 13056K, used 11648K [0x03800000, 0x04620000, 0x18d50000)
  eden space 11648K, 100% used [0x03800000, 0x04360000, 0x04360000)
  from space 1408K,   0% used [0x044c0000, 0x044c0000, 0x04620000)
  to   space 1408K,   0% used [0x04360000, 0x04360000, 0x044c0000)
 tenured generation   total 35700K, used 25998K [0x18d50000, 0x1b02d000, 0x43800000)
   the space 35700K,  72% used [0x18d50000, 0x1a6b3838, 0x1a6b3a00, 0x1b02d000)
 Metaspace       used 3435K, capacity 3494K, committed 3520K, reserved 4480K
Event: 4.186 GC heap after
Heap after GC invocations=19 (full 6):
 def new generation   total 13056K, used 1407K [0x03800000, 0x04620000, 0x18d50000)
  eden space 11648K,   0% used [0x03800000, 0x03800000, 0x04360000)
  from space 1408K,  99% used [0x04360000, 0x044bfff8, 0x044c0000)
  to   space 1408K,   0% used [0x044c0000, 0x044c0000, 0x04620000)
 tenured generation   total 35700K, used 29542K [0x18d50000, 0x1b02d000, 0x43800000)
   the space 35700K,  82% used [0x18d50000, 0x1aa29830, 0x1aa29a00, 0x1b02d000)
 Metaspace       used 3435K, capacity 3494K, committed 3520K, reserved 4480K
}
Event: 4.582 GC heap before
{Heap before GC invocations=19 (full 6):
 def new generation   total 13056K, used 11055K [0x03800000, 0x04620000, 0x18d50000)
  eden space 11648K,  82% used [0x03800000, 0x0416bea8, 0x04360000)
  from space 1408K,  99% used [0x04360000, 0x044bfff8, 0x044c0000)
  to   space 1408K,   0% used [0x044c0000, 0x044c0000, 0x04620000)
 tenured generation   total 35700K, used 29542K [0x18d50000, 0x1b02d000, 0x43800000)
   the space 35700K,  82% used [0x18d50000, 0x1aa29830, 0x1aa29a00, 0x1b02d000)
 Metaspace       used 3608K, capacity 3630K, committed 3648K, reserved 6528K

Deoptimization events (0 events):
No events

Internal exceptions (10 events):
Event: 4.357 Thread 0x440f9c00 Exception <a 'java/security/PrivilegedActionException'> (0x03f22a40) thrown at [D:\re\workspace\8-2-build-windows-i586-cygwin\jdk8u5\2488\hotspot\src\share\vm\prims\jvm.cpp, line 1248]
Event: 4.391 Thread 0x440f9c00 Exception <a 'java/security/PrivilegedActionException'> (0x03f55f10) thrown at [D:\re\workspace\8-2-build-windows-i586-cygwin\jdk8u5\2488\hotspot\src\share\vm\prims\jvm.cpp, line 1248]
Event: 4.471 Thread 0x440f9c00 Exception <a 'java/security/PrivilegedActionException'> (0x040c3960) thrown at [D:\re\workspace\8-2-build-windows-i586-cygwin\jdk8u5\2488\hotspot\src\share\vm\prims\jvm.cpp, line 1248]
Event: 4.474 Thread 0x440f9c00 Exception <a 'java/security/PrivilegedActionException'> (0x040cb740) thrown at [D:\re\workspace\8-2-build-windows-i586-cygwin\jdk8u5\2488\hotspot\src\share\vm\prims\jvm.cpp, line 1248]
Event: 4.477 Thread 0x440f9c00 Exception <a 'java/security/PrivilegedActionException'> (0x040d8040) thrown at [D:\re\workspace\8-2-build-windows-i586-cygwin\jdk8u5\2488\hotspot\src\share\vm\prims\jvm.cpp, line 1248]
Event: 4.478 Thread 0x440f9c00 Exception <a 'java/security/PrivilegedActionException'> (0x040daae8) thrown at [D:\re\workspace\8-2-build-windows-i586-cygwin\jdk8u5\2488\hotspot\src\share\vm\prims\jvm.cpp, line 1248]
Event: 4.492 Thread 0x440f9c00 Exception <a 'java/security/PrivilegedActionException'> (0x04120c28) thrown at [D:\re\workspace\8-2-build-windows-i586-cygwin\jdk8u5\2488\hotspot\src\share\vm\prims\jvm.cpp, line 1248]
Event: 4.498 Thread 0x440f9c00 Exception <a 'java/security/PrivilegedActionException'> (0x0412d4a0) thrown at [D:\re\workspace\8-2-build-windows-i586-cygwin\jdk8u5\2488\hotspot\src\share\vm\prims\jvm.cpp, line 1248]
Event: 4.502 Thread 0x440f9c00 Exception <a 'java/security/PrivilegedActionException'> (0x041317b8) thrown at [D:\re\workspace\8-2-build-windows-i586-cygwin\jdk8u5\2488\hotspot\src\share\vm\prims\jvm.cpp, line 1248]
Event: 4.552 Thread 0x440f9c00 Exception <a 'java/security/PrivilegedActionException'> (0x04158108) thrown at [D:\re\workspace\8-2-build-windows-i586-cygwin\jdk8u5\2488\hotspot\src\share\vm\prims\jvm.cpp, line 1248]

Events (10 events):
Event: 4.580 loading class sun/security/jca/ProviderList$3
Event: 4.580 loading class sun/security/jca/ProviderList$3 done
Event: 4.580 loading class sun/security/jca/ProviderList$1
Event: 4.580 loading class sun/security/jca/ProviderList$1 done
Event: 4.581 loading class java/security/Provider$ServiceKey
Event: 4.581 loading class java/security/Provider$ServiceKey done
Event: 4.581 loading class java/security/Provider$EngineDescription
Event: 4.581 loading class java/security/Provider$EngineDescription done
Event: 4.582 loading class sun/misc/FloatingDecimal
Event: 4.582 Executing VM operation: CollectForMetadataAllocation


Dynamic libraries:
0x009e0000 - 0x00a10000 	C:\Program Files\Java\jdk1.8.0_05\bin\java.exe
0x77890000 - 0x77a0b000 	C:\WINDOWS\SYSTEM32\ntdll.dll
0x768b0000 - 0x76946000 	C:\WINDOWS\system32\KERNEL32.DLL
0x74950000 - 0x74acf000 	C:\WINDOWS\system32\KERNELBASE.dll
0x731d0000 - 0x73262000 	C:\WINDOWS\system32\apphelp.dll
0x75340000 - 0x753bb000 	C:\WINDOWS\system32\ADVAPI32.dll
0x76fb0000 - 0x7706e000 	C:\WINDOWS\system32\msvcrt.dll
0x76f10000 - 0x76f54000 	C:\WINDOWS\system32\sechost.dll
0x76c70000 - 0x76d32000 	C:\WINDOWS\system32\RPCRT4.dll
0x77680000 - 0x777b8000 	C:\WINDOWS\system32\USER32.dll
0x77110000 - 0x77265000 	C:\WINDOWS\system32\GDI32.dll
0x6bc40000 - 0x6be4f000 	C:\WINDOWS\WinSxS\x86_microsoft.windows.common-controls_6595b64144ccf1df_6.0.10586.0_none_d3c2e4e965da4528\COMCTL32.dll
0x76d40000 - 0x76efd000 	C:\WINDOWS\system32\combase.dll
0x748a0000 - 0x748f8000 	C:\WINDOWS\system32\bcryptPrimitives.dll
0x77860000 - 0x7788f000 	C:\WINDOWS\system32\IMM32.DLL
0x583f0000 - 0x584af000 	C:\Program Files\Java\jdk1.8.0_05\jre\bin\msvcr100.dll
0x50190000 - 0x50526000 	C:\Program Files\Java\jdk1.8.0_05\jre\bin\client\jvm.dll
0x77100000 - 0x77106000 	C:\WINDOWS\system32\PSAPI.DLL
0x6ab60000 - 0x6ab68000 	C:\WINDOWS\SYSTEM32\WSOCK32.dll
0x72df0000 - 0x72e14000 	C:\WINDOWS\SYSTEM32\WINMM.dll
0x76c10000 - 0x76c6f000 	C:\WINDOWS\system32\WS2_32.dll
0x72cf0000 - 0x72d13000 	C:\WINDOWS\SYSTEM32\WINMMBASE.dll
0x74ad0000 - 0x74b07000 	C:\WINDOWS\system32\cfgmgr32.dll
0x6e0a0000 - 0x6e0ac000 	C:\Program Files\Java\jdk1.8.0_05\jre\bin\verify.dll
0x5a970000 - 0x5a991000 	C:\Program Files\Java\jdk1.8.0_05\jre\bin\java.dll
0x5bd10000 - 0x5bd23000 	C:\Program Files\Java\jdk1.8.0_05\jre\bin\zip.dll
0x753c0000 - 0x767be000 	C:\WINDOWS\system32\SHELL32.dll
0x74b90000 - 0x7508a000 	C:\WINDOWS\system32\windows.storage.dll
0x76f60000 - 0x76fa5000 	C:\WINDOWS\system32\shlwapi.dll
0x74600000 - 0x7460c000 	C:\WINDOWS\system32\kernel.appcore.dll
0x77070000 - 0x770fd000 	C:\WINDOWS\system32\shcore.dll
0x74610000 - 0x74654000 	C:\WINDOWS\system32\powrprof.dll
0x74660000 - 0x7466f000 	C:\WINDOWS\system32\profapi.dll
0x5bcf0000 - 0x5bd04000 	C:\Program Files\Java\jdk1.8.0_05\jre\bin\net.dll
0x74010000 - 0x74060000 	C:\WINDOWS\system32\mswsock.dll
0x71fe0000 - 0x7200f000 	C:\WINDOWS\SYSTEM32\IPHLPAPI.DLL
0x75310000 - 0x75317000 	C:\WINDOWS\system32\NSI.dll
0x6e380000 - 0x6e393000 	C:\WINDOWS\SYSTEM32\dhcpcsvc6.DLL
0x6fe10000 - 0x6fe24000 	C:\WINDOWS\SYSTEM32\dhcpcsvc.DLL
0x63640000 - 0x6377f000 	C:\WINDOWS\SYSTEM32\dbghelp.dll

VM Arguments:
jvm_args: -Djava.awt.headless=true -Xmx1024M -Dfile.encoding=windows-1252 -Duser.country=US -Duser.language=en -Duser.variant 
java_command: com.android.dx.command.Main --dex --force-jumbo --num-threads=4 --multi-dex --output C:\Users\vercillius\Documents\Thesis\Git\Thesis\circuit-lens\CircuitLens-Android\app\build\intermediates\transforms\dex\debug\folders\1000\5\slice_6 C:\Users\vercillius\Documents\Thesis\Git\Thesis\circuit-lens\CircuitLens-Android\app\build\intermediates\transforms\instantRunSlicer\debug\folders\1\5\slice_6
java_class_path (initial): C:\Android\sdk\build-tools\23.0.3\lib\dx.jar
Launcher Type: SUN_STANDARD

Environment Variables:
JAVA_HOME=C:\Program Files\Java\jdk1.8.0_05
PATH=C:\ProgramData\Oracle\Java\javapath;C:\Program Files\Broadcom\Broadcom 802.11 Network Adapter\Driver;C:\Windows\system32;C:\Windows;C:\Windows\System32\Wbem;C:\Windows\System32\WindowsPowerShell\v1.0\;C:\wamp\bin\php\php5.5.12;C:\Bitnami\wappstack-5.5.28-0\php;C:\emacs-24.3\bin;C:\Users\vercillius\AppData\Roaming\npm;C:\Program Files\Java\jdk1.8.0_05\bin;C:\apache-ant-1.9.4\bin;C:\Android\sdk\tools;C:\Android\sdk\platform-tools;C:\adb;C:\WINDOWS\system32;C:\WINDOWS;C:\WINDOWS\System32\Wbem;C:\WINDOWS\System32\WindowsPowerShell\v1.0\;C:\Program Files\nodejs\;C:\Bitnami\wappstack-5.5.28-0\postgresql\bin;C:\Program Files\Common Files\lenovo\easyplussdk\bin;C:\Bitnami\wappstack-5.5.28-0\php;C:\emacs-24.3\bin;C:\Users\vercillius\AppData\Local\Tesseract-OCR;C:\Program Files\Java\jdk1.8.0_05\bin;C:\apache-ant-1.9.4\bin;C:\Android\sdk\tools;C:\Android\sdk\platform-tools;C:\Users\vercillius\AppData\Roaming\npm;~/.composer/vendor/bin;C:\Python27;C:\OpenCV_3_1\opencv\build\x64\vc12\lib;C:\OpenCV_3_1\opencv\build\x64\vc12\bin;C:\Python27\Lib\site-packages\numpy\lib;C:\Program Files\Git\bin;C:\OpenCV_3_1\opencv\build\x64\vc14\bin;C:\OpenCV_3_1\opencv\build\x64\vc14\lib;C:\Python27\Scripts
USERNAME=vercillius
OS=Windows_NT
PROCESSOR_IDENTIFIER=x86 Family 6 Model 55 Stepping 3, GenuineIntel



---------------  S Y S T E M  ---------------

OS: Windows 8.1 Build 9600 

CPU:total 4 (4 cores per cpu, 1 threads per core) family 6 model 55 stepping 3, cmov, cx8, fxsr, mmx, sse, sse2, sse3, ssse3, sse4.1, sse4.2, popcnt, aes, clmul, erms, tsc, tscinvbit

Memory: 4k page, physical 1979556k(183868k free), swap 3208356k(16k free)

vm_info: Java HotSpot(TM) Client VM (25.5-b02) for windows-x86 JRE (1.8.0_05-b13), built on Mar 18 2014 01:14:47 by "java_re" with MS VC++ 10.0 (VS2010)

time: Sun Jun 05 21:41:34 2016
elapsed time: 5 seconds

